#-----------------------------------------------------------
# PlanAhead v14.7 (64-bit)
# Build 321239 by xbuild on Fri Sep 27 19:29:51 MDT 2013
# Start of session at: Mon Nov 10 17:59:21 2014
# Process ID: 4896
# Log file: C:/Users/Administrateur/Documents/shertool-firm-osc-vhdl/planAhead.log
# Journal file: C:/Users/Administrateur/Documents/shertool-firm-osc-vhdl\planAhead.jou
#-----------------------------------------------------------
INFO: [Common 17-78] Attempting to get a license: PlanAhead
INFO: [Common 17-290] Got license for PlanAhead
INFO: [Device 21-36] Loading parts and site information from C:/Xilinx/14.7/ISE_DS/PlanAhead/data/parts/arch.xml
Parsing RTL primitives file [C:/Xilinx/14.7/ISE_DS/PlanAhead/data/parts/xilinx/rtl/prims/rtl_prims.xml]
Finished parsing RTL primitives file [C:/Xilinx/14.7/ISE_DS/PlanAhead/data/parts/xilinx/rtl/prims/rtl_prims.xml]
start_gui
open_project {C:\Users\Administrateur\Documents\shertool-firm-osc-vhdl\oscilloscope.ppr}
Scanning sources...
Finished scanning sources
CRITICAL WARNING: [Project 1-39] Failed to load run data. Making project read-only to protect unopened run data.
INFO: [Project 1-114] Use 'File | Save Project As...' to create a new, writeable copy of this project.
exit
INFO: [Common 17-206] Exiting PlanAhead at Mon Nov 10 18:03:01 2014...
INFO: [Common 17-83] Releasing license: PlanAhead
