Release 14.7 - xst P.20131013 (nt64)
Copyright (c) 1995-2013 Xilinx, Inc.  All rights reserved.
--> Parameter TMPDIR set to xst/projnav.tmp


Total REAL time to Xst completion: 0.00 secs
Total CPU time to Xst completion: 0.13 secs
 
--> Parameter xsthdpdir set to xst


Total REAL time to Xst completion: 0.00 secs
Total CPU time to Xst completion: 0.13 secs
 
--> Reading design: adccontroller3.prj

TABLE OF CONTENTS
  1) Synthesis Options Summary
  2) HDL Parsing
  3) HDL Elaboration
  4) HDL Synthesis
       4.1) HDL Synthesis Report
  5) Advanced HDL Synthesis
       5.1) Advanced HDL Synthesis Report
  6) Low Level Synthesis
  7) Partition Report
  8) Design Summary
       8.1) Primitive and Black Box Usage
       8.2) Device utilization summary
       8.3) Partition Resource Summary
       8.4) Timing Report
            8.4.1) Clock Information
            8.4.2) Asynchronous Control Signals Information
            8.4.3) Timing Summary
            8.4.4) Timing Details
            8.4.5) Cross Clock Domains Report


=========================================================================
*                      Synthesis Options Summary                        *
=========================================================================
---- Source Parameters
Input File Name                    : "adccontroller3.prj"
Ignore Synthesis Constraint File   : NO

---- Target Parameters
Output File Name                   : "adccontroller3"
Output Format                      : NGC
Target Device                      : xc6slx45-3-csg324

---- Source Options
Top Module Name                    : adccontroller3
Automatic FSM Extraction           : YES
FSM Encoding Algorithm             : Auto
Safe Implementation                : No
FSM Style                          : LUT
RAM Extraction                     : Yes
RAM Style                          : Auto
ROM Extraction                     : Yes
Shift Register Extraction          : YES
ROM Style                          : Auto
Resource Sharing                   : YES
Asynchronous To Synchronous        : NO
Shift Register Minimum Size        : 2
Use DSP Block                      : Auto
Automatic Register Balancing       : No

---- Target Options
LUT Combining                      : Auto
Reduce Control Sets                : Auto
Add IO Buffers                     : YES
Global Maximum Fanout              : 100000
Add Generic Clock Buffer(BUFG)     : 16
Register Duplication               : YES
Optimize Instantiated Primitives   : NO
Use Clock Enable                   : Auto
Use Synchronous Set                : Auto
Use Synchronous Reset              : Auto
Pack IO Registers into IOBs        : Auto
Equivalent register Removal        : YES

---- General Options
Optimization Goal                  : Speed
Optimization Effort                : 1
Power Reduction                    : NO
Keep Hierarchy                     : No
Netlist Hierarchy                  : As_Optimized
RTL Output                         : Yes
Global Optimization                : AllClockNets
Read Cores                         : YES
Write Timing Constraints           : NO
Cross Clock Analysis               : NO
Hierarchy Separator                : /
Bus Delimiter                      : <>
Case Specifier                     : Maintain
Slice Utilization Ratio            : 100
BRAM Utilization Ratio             : 100
DSP48 Utilization Ratio            : 100
Auto BRAM Packing                  : NO
Slice Utilization Ratio Delta      : 5

=========================================================================


=========================================================================
*                          HDL Parsing                                  *
=========================================================================
Parsing VHDL file "C:\Xilinx\14.7\ISE_DS\EDK\hw\XilinxProcessorIPLib\pcores\proc_common_v3_00_a\hdl\vhdl\proc_common_pkg.vhd" into library proc_common_v3_00_a
Parsing package <proc_common_pkg>.
Parsing package body <proc_common_pkg>.
Parsing VHDL file "C:\Xilinx\14.7\ISE_DS\EDK\hw\XilinxProcessorIPLib\pcores\proc_common_v3_00_a\hdl\vhdl\family_support.vhd" into library proc_common_v3_00_a
Parsing package <family_support>.
Parsing package body <family_support>.
Parsing VHDL file "C:\Xilinx\14.7\ISE_DS\EDK\hw\XilinxProcessorIPLib\pcores\proc_common_v3_00_a\hdl\vhdl\pselect_f.vhd" into library proc_common_v3_00_a
Parsing entity <pselect_f>.
Parsing architecture <imp> of entity <pselect_f>.
Parsing VHDL file "C:\Xilinx\14.7\ISE_DS\EDK\hw\XilinxProcessorIPLib\pcores\proc_common_v3_00_a\hdl\vhdl\ipif_pkg.vhd" into library proc_common_v3_00_a
Parsing package <ipif_pkg>.
Parsing package body <ipif_pkg>.
Parsing VHDL file "C:\Xilinx\14.7\ISE_DS\EDK\hw\XilinxProcessorIPLib\pcores\proc_common_v3_00_a\hdl\vhdl\counter_f.vhd" into library proc_common_v3_00_a
Parsing entity <counter_f>.
Parsing architecture <imp> of entity <counter_f>.
Parsing VHDL file "C:\Xilinx\14.7\ISE_DS\EDK\hw\XilinxProcessorIPLib\pcores\axi_lite_ipif_v1_01_a\hdl\vhdl\address_decoder.vhd" into library axi_lite_ipif_v1_01_a
Parsing entity <address_decoder>.
Parsing architecture <IMP> of entity <address_decoder>.
Parsing VHDL file "C:\Xilinx\14.7\ISE_DS\EDK\hw\XilinxProcessorIPLib\pcores\axi_lite_ipif_v1_01_a\hdl\vhdl\slave_attachment.vhd" into library axi_lite_ipif_v1_01_a
Parsing entity <slave_attachment>.
Parsing architecture <imp> of entity <slave_attachment>.
Parsing VHDL file "C:\Xilinx\14.7\ISE_DS\EDK\hw\XilinxProcessorIPLib\pcores\proc_common_v3_00_a\hdl\vhdl\soft_reset.vhd" into library proc_common_v3_00_a
Parsing entity <soft_reset>.
Parsing architecture <implementation> of entity <soft_reset>.
Parsing VHDL file "C:\Xilinx\14.7\ISE_DS\EDK\hw\XilinxProcessorIPLib\pcores\axi_lite_ipif_v1_01_a\hdl\vhdl\axi_lite_ipif.vhd" into library axi_lite_ipif_v1_01_a
Parsing entity <axi_lite_ipif>.
Parsing architecture <imp> of entity <axi_lite_ipif>.
Parsing VHDL file "C:\shertool-firm-osc-vhdl\shertool-firm-osc-vhdl.srcs\sources_1\edk\osc_microblaze\pcores\adccontroller3_v1_00_a\hdl\vhdl\user_logic.vhd" into library adccontroller3_v1_00_a
Parsing entity <user_logic>.
Parsing architecture <IMP> of entity <user_logic>.
Parsing VHDL file "C:\shertool-firm-osc-vhdl\shertool-firm-osc-vhdl.srcs\sources_1\edk\osc_microblaze\pcores\adccontroller3_v1_00_a\hdl\vhdl\adccontroller3.vhd" into library adccontroller3_v1_00_a
Parsing entity <adccontroller3>.
Parsing architecture <IMP> of entity <adccontroller3>.

=========================================================================
*                            HDL Elaboration                            *
=========================================================================

Elaborating entity <adccontroller3> (architecture <IMP>) with generics from library <adccontroller3_v1_00_a>.

Elaborating entity <axi_lite_ipif> (architecture <imp>) with generics from library <axi_lite_ipif_v1_01_a>.

Elaborating entity <slave_attachment> (architecture <imp>) with generics from library <axi_lite_ipif_v1_01_a>.

Elaborating entity <address_decoder> (architecture <IMP>) with generics from library <axi_lite_ipif_v1_01_a>.

Elaborating entity <pselect_f> (architecture <imp>) with generics from library <proc_common_v3_00_a>.

Elaborating entity <pselect_f> (architecture <imp>) with generics from library <proc_common_v3_00_a>.

Elaborating entity <pselect_f> (architecture <imp>) with generics from library <proc_common_v3_00_a>.

Elaborating entity <pselect_f> (architecture <imp>) with generics from library <proc_common_v3_00_a>.

Elaborating entity <pselect_f> (architecture <imp>) with generics from library <proc_common_v3_00_a>.

Elaborating entity <pselect_f> (architecture <imp>) with generics from library <proc_common_v3_00_a>.

Elaborating entity <pselect_f> (architecture <imp>) with generics from library <proc_common_v3_00_a>.
INFO:HDLCompiler:679 - "C:\Xilinx\14.7\ISE_DS\EDK\hw\XilinxProcessorIPLib\pcores\axi_lite_ipif_v1_01_a\hdl\vhdl\slave_attachment.vhd" Line 417. Case statement is complete. others clause is never selected

Elaborating entity <soft_reset> (architecture <implementation>) with generics from library <proc_common_v3_00_a>.

Elaborating entity <user_logic> (architecture <IMP>) with generics from library <adccontroller3_v1_00_a>.

=========================================================================
*                           HDL Synthesis                               *
=========================================================================

Synthesizing Unit <adccontroller3>.
    Related source file is "C:\shertool-firm-osc-vhdl\shertool-firm-osc-vhdl.srcs\sources_1\edk\osc_microblaze\pcores\adccontroller3_v1_00_a\hdl\vhdl\adccontroller3.vhd".
WARNING:Xst:37 - Detected unknown constraint/property "sigis". This constraint/property is not supported by the current software release and will be ignored.
WARNING:Xst:37 - Detected unknown constraint/property "sigis". This constraint/property is not supported by the current software release and will be ignored.
        C_S_AXI_DATA_WIDTH = 32
        C_S_AXI_ADDR_WIDTH = 32
        C_S_AXI_MIN_SIZE = "00000000000000000000000111111111"
        C_USE_WSTRB = 0
        C_DPHASE_TIMEOUT = 8
        C_BASEADDR = "11111111111111111111111111111111"
        C_HIGHADDR = "00000000000000000000000000000000"
        C_FAMILY = "virtex6"
        C_NUM_REG = 1
        C_NUM_MEM = 1
        C_SLV_AWIDTH = 32
        C_SLV_DWIDTH = 32
    Set property "MAX_FANOUT = 10000" for signal <S_AXI_ACLK>.
WARNING:Xst:37 - Detected unknown constraint/property "sigis". This constraint/property is not supported by the current software release and will be ignored.
    Set property "MAX_FANOUT = 10000" for signal <S_AXI_ARESETN>.
WARNING:Xst:37 - Detected unknown constraint/property "sigis". This constraint/property is not supported by the current software release and will be ignored.
INFO:Xst:3210 - "C:\shertool-firm-osc-vhdl\shertool-firm-osc-vhdl.srcs\sources_1\edk\osc_microblaze\pcores\adccontroller3_v1_00_a\hdl\vhdl\adccontroller3.vhd" line 263: Output port <Bus2IP_Addr> of the instance <AXI_LITE_IPIF_I> is unconnected or connected to loadless signal.
INFO:Xst:3210 - "C:\shertool-firm-osc-vhdl\shertool-firm-osc-vhdl.srcs\sources_1\edk\osc_microblaze\pcores\adccontroller3_v1_00_a\hdl\vhdl\adccontroller3.vhd" line 263: Output port <Bus2IP_RNW> of the instance <AXI_LITE_IPIF_I> is unconnected or connected to loadless signal.
INFO:Xst:3210 - "C:\shertool-firm-osc-vhdl\shertool-firm-osc-vhdl.srcs\sources_1\edk\osc_microblaze\pcores\adccontroller3_v1_00_a\hdl\vhdl\adccontroller3.vhd" line 314: Output port <Reset2Bus_ToutSup> of the instance <SOFT_RESET_I> is unconnected or connected to loadless signal.
    Summary:
	inferred   1 Multiplexer(s).
Unit <adccontroller3> synthesized.

Synthesizing Unit <axi_lite_ipif>.
    Related source file is "C:\Xilinx\14.7\ISE_DS\EDK\hw\XilinxProcessorIPLib\pcores\axi_lite_ipif_v1_01_a\hdl\vhdl\axi_lite_ipif.vhd".
        C_S_AXI_DATA_WIDTH = 32
        C_S_AXI_ADDR_WIDTH = 32
        C_S_AXI_MIN_SIZE = "00000000000000000000000111111111"
        C_USE_WSTRB = 0
        C_DPHASE_TIMEOUT = 8
        C_ARD_ADDR_RANGE_ARRAY = ("0000000000000000000000000000000011111111111111111111111111111111","0000000000000000000000000000000011111111111111111111111111111111","0000000000000000000000000000000011111111111111111111111111111111","0000000000000000000000000000000011111111111111111111111111111111")
        C_ARD_NUM_CE_ARRAY = (1,6)
        C_FAMILY = "virtex6"
    Summary:
	no macro.
Unit <axi_lite_ipif> synthesized.

Synthesizing Unit <slave_attachment>.
    Related source file is "C:\Xilinx\14.7\ISE_DS\EDK\hw\XilinxProcessorIPLib\pcores\axi_lite_ipif_v1_01_a\hdl\vhdl\slave_attachment.vhd".
        C_ARD_ADDR_RANGE_ARRAY = ("0000000000000000000000000000000011111111111111111111111111111111","0000000000000000000000000000000011111111111111111111111111111111","0000000000000000000000000000000011111111111111111111111111111111","0000000000000000000000000000000011111111111111111111111111111111")
        C_ARD_NUM_CE_ARRAY = (1,6)
        C_IPIF_ABUS_WIDTH = 32
        C_IPIF_DBUS_WIDTH = 32
        C_S_AXI_MIN_SIZE = "00000000000000000000000111111111"
        C_USE_WSTRB = 0
        C_DPHASE_TIMEOUT = 8
        C_FAMILY = "virtex6"
WARNING:Xst:647 - Input <S_AXI_AWADDR<31:9>> is never used. This port will be preserved and left unconnected if it belongs to a top-level block or it belongs to a sub-block and the hierarchy of this sub-block is preserved.
WARNING:Xst:647 - Input <S_AXI_WSTRB> is never used. This port will be preserved and left unconnected if it belongs to a top-level block or it belongs to a sub-block and the hierarchy of this sub-block is preserved.
WARNING:Xst:647 - Input <S_AXI_ARADDR<31:9>> is never used. This port will be preserved and left unconnected if it belongs to a top-level block or it belongs to a sub-block and the hierarchy of this sub-block is preserved.
INFO:Xst:3210 - "C:\Xilinx\14.7\ISE_DS\EDK\hw\XilinxProcessorIPLib\pcores\axi_lite_ipif_v1_01_a\hdl\vhdl\slave_attachment.vhd" line 341: Output port <CS_for_gaps> of the instance <I_DECODER> is unconnected or connected to loadless signal.
    Found 2-bit register for signal <state>.
    Found 2-bit register for signal <s_axi_rresp_i>.
    Found 32-bit register for signal <s_axi_rdata_i>.
    Found 1-bit register for signal <s_axi_rvalid_i>.
    Found 2-bit register for signal <s_axi_bresp_i>.
    Found 1-bit register for signal <s_axi_bvalid_i>.
    Found 4-bit register for signal <INCLUDE_DPHASE_TIMER.dpto_cnt>.
    Found 1-bit register for signal <rst>.
    Found finite state machine <FSM_0> for signal <state>.
    -----------------------------------------------------------------------
    | States             | 4                                              |
    | Transitions        | 10                                             |
    | Inputs             | 6                                              |
    | Outputs            | 4                                              |
    | Clock              | S_AXI_ACLK (rising_edge)                       |
    | Reset              | rst (positive)                                 |
    | Reset type         | synchronous                                    |
    | Reset State        | sm_idle                                        |
    | Power Up State     | sm_idle                                        |
    | Encoding           | auto                                           |
    | Implementation     | LUT                                            |
    -----------------------------------------------------------------------
    Found 4-bit adder for signal <INCLUDE_DPHASE_TIMER.dpto_cnt[3]_GND_12_o_add_31_OUT> created at line 507.
    Summary:
	inferred   1 Adder/Subtractor(s).
	inferred  43 D-type flip-flop(s).
	inferred   2 Multiplexer(s).
	inferred   1 Finite State Machine(s).
Unit <slave_attachment> synthesized.

Synthesizing Unit <address_decoder>.
    Related source file is "C:\Xilinx\14.7\ISE_DS\EDK\hw\XilinxProcessorIPLib\pcores\axi_lite_ipif_v1_01_a\hdl\vhdl\address_decoder.vhd".
        C_BUS_AWIDTH = 9
        C_S_AXI_MIN_SIZE = "00000000000000000000000111111111"
        C_ARD_ADDR_RANGE_ARRAY = ("0000000000000000000000000000000011111111111111111111111111111111","0000000000000000000000000000000011111111111111111111111111111111","0000000000000000000000000000000011111111111111111111111111111111","0000000000000000000000000000000011111111111111111111111111111111")
        C_ARD_NUM_CE_ARRAY = (1,6)
        C_FAMILY = "nofamily"
WARNING:Xst:647 - Input <Bus_RNW> is never used. This port will be preserved and left unconnected if it belongs to a top-level block or it belongs to a sub-block and the hierarchy of this sub-block is preserved.
    Found 1-bit register for signal <cs_out_i<1>>.
    Found 1-bit register for signal <Bus_RNW_reg>.
    Found 1-bit register for signal <ce_out_i<0>>.
    Found 1-bit register for signal <ce_out_i<1>>.
    Found 1-bit register for signal <ce_out_i<2>>.
    Found 1-bit register for signal <ce_out_i<3>>.
    Found 1-bit register for signal <ce_out_i<4>>.
    Found 1-bit register for signal <ce_out_i<5>>.
    Found 1-bit register for signal <ce_out_i<6>>.
    Found 1-bit register for signal <cs_out_i<0>>.
    Summary:
	inferred  10 D-type flip-flop(s).
Unit <address_decoder> synthesized.

Synthesizing Unit <pselect_f_1>.
    Related source file is "C:\Xilinx\14.7\ISE_DS\EDK\hw\XilinxProcessorIPLib\pcores\proc_common_v3_00_a\hdl\vhdl\pselect_f.vhd".
        C_AB = 9
        C_AW = 9
        C_BAR = "111111111"
        C_FAMILY = "nofamily"
    Summary:
	inferred   1 Multiplexer(s).
Unit <pselect_f_1> synthesized.

Synthesizing Unit <pselect_f_2>.
    Related source file is "C:\Xilinx\14.7\ISE_DS\EDK\hw\XilinxProcessorIPLib\pcores\proc_common_v3_00_a\hdl\vhdl\pselect_f.vhd".
        C_AB = 3
        C_AW = 3
        C_BAR = "000"
        C_FAMILY = "nofamily"
    Summary:
	inferred   1 Multiplexer(s).
Unit <pselect_f_2> synthesized.

Synthesizing Unit <pselect_f_3>.
    Related source file is "C:\Xilinx\14.7\ISE_DS\EDK\hw\XilinxProcessorIPLib\pcores\proc_common_v3_00_a\hdl\vhdl\pselect_f.vhd".
        C_AB = 3
        C_AW = 3
        C_BAR = "001"
        C_FAMILY = "nofamily"
    Summary:
	inferred   1 Multiplexer(s).
Unit <pselect_f_3> synthesized.

Synthesizing Unit <pselect_f_4>.
    Related source file is "C:\Xilinx\14.7\ISE_DS\EDK\hw\XilinxProcessorIPLib\pcores\proc_common_v3_00_a\hdl\vhdl\pselect_f.vhd".
        C_AB = 3
        C_AW = 3
        C_BAR = "010"
        C_FAMILY = "nofamily"
    Summary:
	inferred   1 Multiplexer(s).
Unit <pselect_f_4> synthesized.

Synthesizing Unit <pselect_f_5>.
    Related source file is "C:\Xilinx\14.7\ISE_DS\EDK\hw\XilinxProcessorIPLib\pcores\proc_common_v3_00_a\hdl\vhdl\pselect_f.vhd".
        C_AB = 3
        C_AW = 3
        C_BAR = "011"
        C_FAMILY = "nofamily"
    Summary:
	inferred   1 Multiplexer(s).
Unit <pselect_f_5> synthesized.

Synthesizing Unit <pselect_f_6>.
    Related source file is "C:\Xilinx\14.7\ISE_DS\EDK\hw\XilinxProcessorIPLib\pcores\proc_common_v3_00_a\hdl\vhdl\pselect_f.vhd".
        C_AB = 3
        C_AW = 3
        C_BAR = "100"
        C_FAMILY = "nofamily"
    Summary:
	inferred   1 Multiplexer(s).
Unit <pselect_f_6> synthesized.

Synthesizing Unit <pselect_f_7>.
    Related source file is "C:\Xilinx\14.7\ISE_DS\EDK\hw\XilinxProcessorIPLib\pcores\proc_common_v3_00_a\hdl\vhdl\pselect_f.vhd".
        C_AB = 3
        C_AW = 3
        C_BAR = "101"
        C_FAMILY = "nofamily"
    Summary:
	inferred   1 Multiplexer(s).
Unit <pselect_f_7> synthesized.

Synthesizing Unit <soft_reset>.
    Related source file is "C:\Xilinx\14.7\ISE_DS\EDK\hw\XilinxProcessorIPLib\pcores\proc_common_v3_00_a\hdl\vhdl\soft_reset.vhd".
        C_SIPIF_DWIDTH = 32
        C_RESET_WIDTH = 8
WARNING:Xst:647 - Input <Bus2IP_Data<0:27>> is never used. This port will be preserved and left unconnected if it belongs to a top-level block or it belongs to a sub-block and the hierarchy of this sub-block is preserved.
WARNING:Xst:647 - Input <Bus2IP_BE<0:2>> is never used. This port will be preserved and left unconnected if it belongs to a top-level block or it belongs to a sub-block and the hierarchy of this sub-block is preserved.
    Found 1-bit register for signal <reset_trig>.
    Found 1-bit register for signal <sw_rst_cond_d1>.
    Summary:
	inferred   2 D-type flip-flop(s).
Unit <soft_reset> synthesized.

Synthesizing Unit <user_logic>.
    Related source file is "C:\shertool-firm-osc-vhdl\shertool-firm-osc-vhdl.srcs\sources_1\edk\osc_microblaze\pcores\adccontroller3_v1_00_a\hdl\vhdl\user_logic.vhd".
WARNING:Xst:37 - Detected unknown constraint/property "sigis". This constraint/property is not supported by the current software release and will be ignored.
WARNING:Xst:37 - Detected unknown constraint/property "sigis". This constraint/property is not supported by the current software release and will be ignored.
        C_NUM_REG = 6
        C_SLV_DWIDTH = 32
WARNING:Xst:37 - Detected unknown constraint/property "sigis". This constraint/property is not supported by the current software release and will be ignored.
WARNING:Xst:37 - Detected unknown constraint/property "sigis". This constraint/property is not supported by the current software release and will be ignored.
    Found 32-bit register for signal <slv_reg1>.
    Found 32-bit register for signal <slv_reg2>.
    Found 32-bit register for signal <slv_reg3>.
    Found 32-bit register for signal <slv_reg4>.
    Found 32-bit register for signal <slv_reg5>.
    Found 32-bit register for signal <BUFFER_SIZE>.
    Found 32-bit register for signal <DOWN_SAMPLING>.
    Found 32-bit register for signal <slv_reg0>.
    Summary:
	inferred 256 D-type flip-flop(s).
	inferred  97 Multiplexer(s).
Unit <user_logic> synthesized.

=========================================================================
HDL Synthesis Report

Macro Statistics
# Adders/Subtractors                                   : 1
 4-bit adder                                           : 1
# Registers                                            : 26
 1-bit register                                        : 13
 2-bit register                                        : 3
 32-bit register                                       : 9
 4-bit register                                        : 1
# Multiplexers                                         : 108
 1-bit 2-to-1 multiplexer                              : 105
 32-bit 2-to-1 multiplexer                             : 3
# FSMs                                                 : 1

=========================================================================

=========================================================================
*                       Advanced HDL Synthesis                          *
=========================================================================

INFO:Xst:2261 - The FF/Latch <slv_reg0_0> in Unit <USER_LOGIC_I> is equivalent to the following 27 FFs/Latches, which will be removed : <slv_reg0_1> <slv_reg0_2> <slv_reg0_3> <slv_reg0_4> <slv_reg0_5> <slv_reg0_6> <slv_reg0_8> <slv_reg0_9> <slv_reg0_10> <slv_reg0_11> <slv_reg0_12> <slv_reg0_13> <slv_reg0_14> <slv_reg0_16> <slv_reg0_17> <slv_reg0_18> <slv_reg0_19> <slv_reg0_20> <slv_reg0_21> <slv_reg0_22> <slv_reg0_24> <slv_reg0_25> <slv_reg0_26> <slv_reg0_27> <slv_reg0_28> <slv_reg0_29> <slv_reg0_30> 
INFO:Xst:2261 - The FF/Latch <slv_reg0_7> in Unit <USER_LOGIC_I> is equivalent to the following 3 FFs/Latches, which will be removed : <slv_reg0_15> <slv_reg0_23> <slv_reg0_31> 
WARNING:Xst:1710 - FF/Latch <slv_reg0_0> (without init value) has a constant value of 0 in block <USER_LOGIC_I>. This FF/Latch will be trimmed during the optimization process.
WARNING:Xst:1293 - FF/Latch <s_axi_bresp_i_0> has a constant value of 0 in block <I_SLAVE_ATTACHMENT>. This FF/Latch will be trimmed during the optimization process.
WARNING:Xst:1293 - FF/Latch <s_axi_rresp_i_0> has a constant value of 0 in block <I_SLAVE_ATTACHMENT>. This FF/Latch will be trimmed during the optimization process.

Synthesizing (advanced) Unit <slave_attachment>.
The following registers are absorbed into counter <INCLUDE_DPHASE_TIMER.dpto_cnt>: 1 register on signal <INCLUDE_DPHASE_TIMER.dpto_cnt>.
Unit <slave_attachment> synthesized (advanced).

=========================================================================
Advanced HDL Synthesis Report

Macro Statistics
# Counters                                             : 1
 4-bit up counter                                      : 1
# Registers                                            : 316
 Flip-Flops                                            : 316
# Multiplexers                                         : 100
 1-bit 2-to-1 multiplexer                              : 97
 32-bit 2-to-1 multiplexer                             : 3
# FSMs                                                 : 1

=========================================================================

=========================================================================
*                         Low Level Synthesis                           *
=========================================================================
WARNING:Xst:1989 - Unit <address_decoder>: instances <MEM_DECODE_GEN[0].GEN_FOR_MULTI_CS.MEM_SELECT_I>, <MEM_DECODE_GEN[1].GEN_FOR_MULTI_CS.MEM_SELECT_I> of unit <pselect_f_1> are equivalent, second instance is removed
WARNING:Xst:1710 - FF/Latch <slv_reg0_30> (without init value) has a constant value of 0 in block <user_logic>. This FF/Latch will be trimmed during the optimization process.
WARNING:Xst:1895 - Due to other FF/Latch trimming, FF/Latch <slv_reg0_29> (without init value) has a constant value of 0 in block <user_logic>. This FF/Latch will be trimmed during the optimization process.
WARNING:Xst:1895 - Due to other FF/Latch trimming, FF/Latch <slv_reg0_28> (without init value) has a constant value of 0 in block <user_logic>. This FF/Latch will be trimmed during the optimization process.
WARNING:Xst:1895 - Due to other FF/Latch trimming, FF/Latch <slv_reg0_27> (without init value) has a constant value of 0 in block <user_logic>. This FF/Latch will be trimmed during the optimization process.
WARNING:Xst:1895 - Due to other FF/Latch trimming, FF/Latch <slv_reg0_26> (without init value) has a constant value of 0 in block <user_logic>. This FF/Latch will be trimmed during the optimization process.
WARNING:Xst:1895 - Due to other FF/Latch trimming, FF/Latch <slv_reg0_25> (without init value) has a constant value of 0 in block <user_logic>. This FF/Latch will be trimmed during the optimization process.
WARNING:Xst:1895 - Due to other FF/Latch trimming, FF/Latch <slv_reg0_24> (without init value) has a constant value of 0 in block <user_logic>. This FF/Latch will be trimmed during the optimization process.
WARNING:Xst:1895 - Due to other FF/Latch trimming, FF/Latch <slv_reg0_22> (without init value) has a constant value of 0 in block <user_logic>. This FF/Latch will be trimmed during the optimization process.
WARNING:Xst:1895 - Due to other FF/Latch trimming, FF/Latch <slv_reg0_21> (without init value) has a constant value of 0 in block <user_logic>. This FF/Latch will be trimmed during the optimization process.
WARNING:Xst:1895 - Due to other FF/Latch trimming, FF/Latch <slv_reg0_20> (without init value) has a constant value of 0 in block <user_logic>. This FF/Latch will be trimmed during the optimization process.
WARNING:Xst:1895 - Due to other FF/Latch trimming, FF/Latch <slv_reg0_19> (without init value) has a constant value of 0 in block <user_logic>. This FF/Latch will be trimmed during the optimization process.
WARNING:Xst:1895 - Due to other FF/Latch trimming, FF/Latch <slv_reg0_18> (without init value) has a constant value of 0 in block <user_logic>. This FF/Latch will be trimmed during the optimization process.
WARNING:Xst:1895 - Due to other FF/Latch trimming, FF/Latch <slv_reg0_17> (without init value) has a constant value of 0 in block <user_logic>. This FF/Latch will be trimmed during the optimization process.
WARNING:Xst:1895 - Due to other FF/Latch trimming, FF/Latch <slv_reg0_16> (without init value) has a constant value of 0 in block <user_logic>. This FF/Latch will be trimmed during the optimization process.
WARNING:Xst:1895 - Due to other FF/Latch trimming, FF/Latch <slv_reg0_14> (without init value) has a constant value of 0 in block <user_logic>. This FF/Latch will be trimmed during the optimization process.
WARNING:Xst:1895 - Due to other FF/Latch trimming, FF/Latch <slv_reg0_13> (without init value) has a constant value of 0 in block <user_logic>. This FF/Latch will be trimmed during the optimization process.
WARNING:Xst:1895 - Due to other FF/Latch trimming, FF/Latch <slv_reg0_12> (without init value) has a constant value of 0 in block <user_logic>. This FF/Latch will be trimmed during the optimization process.
WARNING:Xst:1895 - Due to other FF/Latch trimming, FF/Latch <slv_reg0_11> (without init value) has a constant value of 0 in block <user_logic>. This FF/Latch will be trimmed during the optimization process.
WARNING:Xst:1895 - Due to other FF/Latch trimming, FF/Latch <slv_reg0_10> (without init value) has a constant value of 0 in block <user_logic>. This FF/Latch will be trimmed during the optimization process.
WARNING:Xst:1895 - Due to other FF/Latch trimming, FF/Latch <slv_reg0_9> (without init value) has a constant value of 0 in block <user_logic>. This FF/Latch will be trimmed during the optimization process.
WARNING:Xst:1895 - Due to other FF/Latch trimming, FF/Latch <slv_reg0_8> (without init value) has a constant value of 0 in block <user_logic>. This FF/Latch will be trimmed during the optimization process.
WARNING:Xst:1895 - Due to other FF/Latch trimming, FF/Latch <slv_reg0_6> (without init value) has a constant value of 0 in block <user_logic>. This FF/Latch will be trimmed during the optimization process.
WARNING:Xst:1895 - Due to other FF/Latch trimming, FF/Latch <slv_reg0_5> (without init value) has a constant value of 0 in block <user_logic>. This FF/Latch will be trimmed during the optimization process.
WARNING:Xst:1895 - Due to other FF/Latch trimming, FF/Latch <slv_reg0_4> (without init value) has a constant value of 0 in block <user_logic>. This FF/Latch will be trimmed during the optimization process.
WARNING:Xst:1895 - Due to other FF/Latch trimming, FF/Latch <slv_reg0_3> (without init value) has a constant value of 0 in block <user_logic>. This FF/Latch will be trimmed during the optimization process.
WARNING:Xst:1895 - Due to other FF/Latch trimming, FF/Latch <slv_reg0_2> (without init value) has a constant value of 0 in block <user_logic>. This FF/Latch will be trimmed during the optimization process.
WARNING:Xst:1895 - Due to other FF/Latch trimming, FF/Latch <slv_reg0_1> (without init value) has a constant value of 0 in block <user_logic>. This FF/Latch will be trimmed during the optimization process.
WARNING:Xst:1895 - Due to other FF/Latch trimming, FF/Latch <slv_reg0_0> (without init value) has a constant value of 0 in block <user_logic>. This FF/Latch will be trimmed during the optimization process.
WARNING:Xst:1293 - FF/Latch <s_axi_rresp_i_0> has a constant value of 0 in block <slave_attachment>. This FF/Latch will be trimmed during the optimization process.
WARNING:Xst:1896 - Due to other FF/Latch trimming, FF/Latch <s_axi_bresp_i_0> has a constant value of 0 in block <slave_attachment>. This FF/Latch will be trimmed during the optimization process.
INFO:Xst:2261 - The FF/Latch <slv_reg0_7> in Unit <user_logic> is equivalent to the following 3 FFs/Latches, which will be removed : <slv_reg0_15> <slv_reg0_23> <slv_reg0_31> 
INFO:Xst:2261 - The FF/Latch <cs_out_i_1> in Unit <address_decoder> is equivalent to the following FF/Latch, which will be removed : <cs_out_i_0> 
INFO:Xst:2261 - The FF/Latch <ce_out_i_0> in Unit <address_decoder> is equivalent to the following FF/Latch, which will be removed : <cs_out_i_1> 
Analyzing FSM <MFsm> for best encoding.
Optimizing FSM <AXI_LITE_IPIF_I/I_SLAVE_ATTACHMENT/FSM_0> on signal <state[1:2]> with user encoding.
----------------------
 State    | Encoding
----------------------
 sm_idle  | 00
 sm_read  | 01
 sm_write | 10
 sm_resp  | 11
----------------------

Optimizing unit <adccontroller3> ...

Optimizing unit <user_logic> ...

Optimizing unit <slave_attachment> ...

Optimizing unit <address_decoder> ...
WARNING:Xst:1710 - FF/Latch <ce_out_i_1> (without init value) has a constant value of 0 in block <address_decoder>. This FF/Latch will be trimmed during the optimization process.
WARNING:Xst:1895 - Due to other FF/Latch trimming, FF/Latch <ce_out_i_2> (without init value) has a constant value of 0 in block <address_decoder>. This FF/Latch will be trimmed during the optimization process.
WARNING:Xst:1895 - Due to other FF/Latch trimming, FF/Latch <ce_out_i_3> (without init value) has a constant value of 0 in block <address_decoder>. This FF/Latch will be trimmed during the optimization process.
WARNING:Xst:1895 - Due to other FF/Latch trimming, FF/Latch <ce_out_i_4> (without init value) has a constant value of 0 in block <address_decoder>. This FF/Latch will be trimmed during the optimization process.
WARNING:Xst:1895 - Due to other FF/Latch trimming, FF/Latch <ce_out_i_5> (without init value) has a constant value of 0 in block <address_decoder>. This FF/Latch will be trimmed during the optimization process.
WARNING:Xst:1895 - Due to other FF/Latch trimming, FF/Latch <ce_out_i_6> (without init value) has a constant value of 0 in block <address_decoder>. This FF/Latch will be trimmed during the optimization process.

Optimizing unit <soft_reset> ...
WARNING:Xst:1710 - FF/Latch <USER_LOGIC_I/slv_reg3_7> (without init value) has a constant value of 0 in block <adccontroller3>. This FF/Latch will be trimmed during the optimization process.
WARNING:Xst:1895 - Due to other FF/Latch trimming, FF/Latch <USER_LOGIC_I/slv_reg3_6> (without init value) has a constant value of 0 in block <adccontroller3>. This FF/Latch will be trimmed during the optimization process.
WARNING:Xst:1895 - Due to other FF/Latch trimming, FF/Latch <USER_LOGIC_I/slv_reg3_5> (without init value) has a constant value of 0 in block <adccontroller3>. This FF/Latch will be trimmed during the optimization process.
WARNING:Xst:1895 - Due to other FF/Latch trimming, FF/Latch <USER_LOGIC_I/slv_reg3_4> (without init value) has a constant value of 0 in block <adccontroller3>. This FF/Latch will be trimmed during the optimization process.
WARNING:Xst:1895 - Due to other FF/Latch trimming, FF/Latch <USER_LOGIC_I/slv_reg3_3> (without init value) has a constant value of 0 in block <adccontroller3>. This FF/Latch will be trimmed during the optimization process.
WARNING:Xst:1895 - Due to other FF/Latch trimming, FF/Latch <USER_LOGIC_I/slv_reg3_2> (without init value) has a constant value of 0 in block <adccontroller3>. This FF/Latch will be trimmed during the optimization process.
WARNING:Xst:1895 - Due to other FF/Latch trimming, FF/Latch <USER_LOGIC_I/slv_reg3_1> (without init value) has a constant value of 0 in block <adccontroller3>. This FF/Latch will be trimmed during the optimization process.
WARNING:Xst:1895 - Due to other FF/Latch trimming, FF/Latch <USER_LOGIC_I/slv_reg3_0> (without init value) has a constant value of 0 in block <adccontroller3>. This FF/Latch will be trimmed during the optimization process.
WARNING:Xst:1895 - Due to other FF/Latch trimming, FF/Latch <USER_LOGIC_I/slv_reg4_31> (without init value) has a constant value of 0 in block <adccontroller3>. This FF/Latch will be trimmed during the optimization process.
WARNING:Xst:1895 - Due to other FF/Latch trimming, FF/Latch <USER_LOGIC_I/slv_reg4_30> (without init value) has a constant value of 0 in block <adccontroller3>. This FF/Latch will be trimmed during the optimization process.
WARNING:Xst:1895 - Due to other FF/Latch trimming, FF/Latch <USER_LOGIC_I/slv_reg4_29> (without init value) has a constant value of 0 in block <adccontroller3>. This FF/Latch will be trimmed during the optimization process.
WARNING:Xst:1895 - Due to other FF/Latch trimming, FF/Latch <USER_LOGIC_I/slv_reg4_28> (without init value) has a constant value of 0 in block <adccontroller3>. This FF/Latch will be trimmed during the optimization process.
WARNING:Xst:1895 - Due to other FF/Latch trimming, FF/Latch <USER_LOGIC_I/slv_reg4_27> (without init value) has a constant value of 0 in block <adccontroller3>. This FF/Latch will be trimmed during the optimization process.
WARNING:Xst:1895 - Due to other FF/Latch trimming, FF/Latch <USER_LOGIC_I/slv_reg4_26> (without init value) has a constant value of 0 in block <adccontroller3>. This FF/Latch will be trimmed during the optimization process.
WARNING:Xst:1895 - Due to other FF/Latch trimming, FF/Latch <USER_LOGIC_I/slv_reg4_25> (without init value) has a constant value of 0 in block <adccontroller3>. This FF/Latch will be trimmed during the optimization process.
WARNING:Xst:1895 - Due to other FF/Latch trimming, FF/Latch <USER_LOGIC_I/slv_reg4_24> (without init value) has a constant value of 0 in block <adccontroller3>. This FF/Latch will be trimmed during the optimization process.
WARNING:Xst:1895 - Due to other FF/Latch trimming, FF/Latch <USER_LOGIC_I/slv_reg4_23> (without init value) has a constant value of 0 in block <adccontroller3>. This FF/Latch will be trimmed during the optimization process.
WARNING:Xst:1895 - Due to other FF/Latch trimming, FF/Latch <USER_LOGIC_I/slv_reg4_22> (without init value) has a constant value of 0 in block <adccontroller3>. This FF/Latch will be trimmed during the optimization process.
WARNING:Xst:1895 - Due to other FF/Latch trimming, FF/Latch <USER_LOGIC_I/slv_reg4_21> (without init value) has a constant value of 0 in block <adccontroller3>. This FF/Latch will be trimmed during the optimization process.
WARNING:Xst:1895 - Due to other FF/Latch trimming, FF/Latch <USER_LOGIC_I/slv_reg4_20> (without init value) has a constant value of 0 in block <adccontroller3>. This FF/Latch will be trimmed during the optimization process.
WARNING:Xst:1895 - Due to other FF/Latch trimming, FF/Latch <USER_LOGIC_I/slv_reg4_19> (without init value) has a constant value of 0 in block <adccontroller3>. This FF/Latch will be trimmed during the optimization process.
WARNING:Xst:1895 - Due to other FF/Latch trimming, FF/Latch <USER_LOGIC_I/slv_reg4_18> (without init value) has a constant value of 0 in block <adccontroller3>. This FF/Latch will be trimmed during the optimization process.
WARNING:Xst:1895 - Due to other FF/Latch trimming, FF/Latch <USER_LOGIC_I/slv_reg4_17> (without init value) has a constant value of 0 in block <adccontroller3>. This FF/Latch will be trimmed during the optimization process.
WARNING:Xst:1895 - Due to other FF/Latch trimming, FF/Latch <USER_LOGIC_I/slv_reg4_16> (without init value) has a constant value of 0 in block <adccontroller3>. This FF/Latch will be trimmed during the optimization process.
WARNING:Xst:1895 - Due to other FF/Latch trimming, FF/Latch <USER_LOGIC_I/slv_reg3_31> (without init value) has a constant value of 0 in block <adccontroller3>. This FF/Latch will be trimmed during the optimization process.
WARNING:Xst:1895 - Due to other FF/Latch trimming, FF/Latch <USER_LOGIC_I/slv_reg3_30> (without init value) has a constant value of 0 in block <adccontroller3>. This FF/Latch will be trimmed during the optimization process.
WARNING:Xst:1895 - Due to other FF/Latch trimming, FF/Latch <USER_LOGIC_I/slv_reg3_29> (without init value) has a constant value of 0 in block <adccontroller3>. This FF/Latch will be trimmed during the optimization process.
WARNING:Xst:1895 - Due to other FF/Latch trimming, FF/Latch <USER_LOGIC_I/slv_reg3_28> (without init value) has a constant value of 0 in block <adccontroller3>. This FF/Latch will be trimmed during the optimization process.
WARNING:Xst:1895 - Due to other FF/Latch trimming, FF/Latch <USER_LOGIC_I/slv_reg3_27> (without init value) has a constant value of 0 in block <adccontroller3>. This FF/Latch will be trimmed during the optimization process.
WARNING:Xst:1895 - Due to other FF/Latch trimming, FF/Latch <USER_LOGIC_I/slv_reg3_26> (without init value) has a constant value of 0 in block <adccontroller3>. This FF/Latch will be trimmed during the optimization process.
WARNING:Xst:1895 - Due to other FF/Latch trimming, FF/Latch <USER_LOGIC_I/slv_reg3_25> (without init value) has a constant value of 0 in block <adccontroller3>. This FF/Latch will be trimmed during the optimization process.
WARNING:Xst:1895 - Due to other FF/Latch trimming, FF/Latch <USER_LOGIC_I/slv_reg3_24> (without init value) has a constant value of 0 in block <adccontroller3>. This FF/Latch will be trimmed during the optimization process.
WARNING:Xst:1895 - Due to other FF/Latch trimming, FF/Latch <USER_LOGIC_I/slv_reg3_23> (without init value) has a constant value of 0 in block <adccontroller3>. This FF/Latch will be trimmed during the optimization process.
WARNING:Xst:1895 - Due to other FF/Latch trimming, FF/Latch <USER_LOGIC_I/slv_reg3_22> (without init value) has a constant value of 0 in block <adccontroller3>. This FF/Latch will be trimmed during the optimization process.
WARNING:Xst:1895 - Due to other FF/Latch trimming, FF/Latch <USER_LOGIC_I/slv_reg3_21> (without init value) has a constant value of 0 in block <adccontroller3>. This FF/Latch will be trimmed during the optimization process.
WARNING:Xst:1895 - Due to other FF/Latch trimming, FF/Latch <USER_LOGIC_I/slv_reg3_20> (without init value) has a constant value of 0 in block <adccontroller3>. This FF/Latch will be trimmed during the optimization process.
WARNING:Xst:1895 - Due to other FF/Latch trimming, FF/Latch <USER_LOGIC_I/slv_reg3_19> (without init value) has a constant value of 0 in block <adccontroller3>. This FF/Latch will be trimmed during the optimization process.
WARNING:Xst:1895 - Due to other FF/Latch trimming, FF/Latch <USER_LOGIC_I/slv_reg3_18> (without init value) has a constant value of 0 in block <adccontroller3>. This FF/Latch will be trimmed during the optimization process.
WARNING:Xst:1895 - Due to other FF/Latch trimming, FF/Latch <USER_LOGIC_I/slv_reg3_17> (without init value) has a constant value of 0 in block <adccontroller3>. This FF/Latch will be trimmed during the optimization process.
WARNING:Xst:1895 - Due to other FF/Latch trimming, FF/Latch <USER_LOGIC_I/slv_reg3_16> (without init value) has a constant value of 0 in block <adccontroller3>. This FF/Latch will be trimmed during the optimization process.
WARNING:Xst:1895 - Due to other FF/Latch trimming, FF/Latch <USER_LOGIC_I/slv_reg3_15> (without init value) has a constant value of 0 in block <adccontroller3>. This FF/Latch will be trimmed during the optimization process.
WARNING:Xst:1895 - Due to other FF/Latch trimming, FF/Latch <USER_LOGIC_I/slv_reg3_14> (without init value) has a constant value of 0 in block <adccontroller3>. This FF/Latch will be trimmed during the optimization process.
WARNING:Xst:1895 - Due to other FF/Latch trimming, FF/Latch <USER_LOGIC_I/slv_reg3_13> (without init value) has a constant value of 0 in block <adccontroller3>. This FF/Latch will be trimmed during the optimization process.
WARNING:Xst:1895 - Due to other FF/Latch trimming, FF/Latch <USER_LOGIC_I/slv_reg3_12> (without init value) has a constant value of 0 in block <adccontroller3>. This FF/Latch will be trimmed during the optimization process.
WARNING:Xst:1895 - Due to other FF/Latch trimming, FF/Latch <USER_LOGIC_I/slv_reg3_11> (without init value) has a constant value of 0 in block <adccontroller3>. This FF/Latch will be trimmed during the optimization process.
WARNING:Xst:1895 - Due to other FF/Latch trimming, FF/Latch <USER_LOGIC_I/slv_reg3_10> (without init value) has a constant value of 0 in block <adccontroller3>. This FF/Latch will be trimmed during the optimization process.
WARNING:Xst:1895 - Due to other FF/Latch trimming, FF/Latch <USER_LOGIC_I/slv_reg3_9> (without init value) has a constant value of 0 in block <adccontroller3>. This FF/Latch will be trimmed during the optimization process.
WARNING:Xst:1895 - Due to other FF/Latch trimming, FF/Latch <USER_LOGIC_I/slv_reg3_8> (without init value) has a constant value of 0 in block <adccontroller3>. This FF/Latch will be trimmed during the optimization process.
WARNING:Xst:1896 - Due to other FF/Latch trimming, FF/Latch <AXI_LITE_IPIF_I/I_SLAVE_ATTACHMENT/s_axi_rdata_i_23> has a constant value of 0 in block <adccontroller3>. This FF/Latch will be trimmed during the optimization process.
WARNING:Xst:1896 - Due to other FF/Latch trimming, FF/Latch <AXI_LITE_IPIF_I/I_SLAVE_ATTACHMENT/s_axi_rdata_i_22> has a constant value of 0 in block <adccontroller3>. This FF/Latch will be trimmed during the optimization process.
WARNING:Xst:1896 - Due to other FF/Latch trimming, FF/Latch <AXI_LITE_IPIF_I/I_SLAVE_ATTACHMENT/s_axi_rdata_i_21> has a constant value of 0 in block <adccontroller3>. This FF/Latch will be trimmed during the optimization process.
WARNING:Xst:1896 - Due to other FF/Latch trimming, FF/Latch <AXI_LITE_IPIF_I/I_SLAVE_ATTACHMENT/s_axi_rdata_i_20> has a constant value of 0 in block <adccontroller3>. This FF/Latch will be trimmed during the optimization process.
WARNING:Xst:1896 - Due to other FF/Latch trimming, FF/Latch <AXI_LITE_IPIF_I/I_SLAVE_ATTACHMENT/s_axi_rdata_i_19> has a constant value of 0 in block <adccontroller3>. This FF/Latch will be trimmed during the optimization process.
WARNING:Xst:1896 - Due to other FF/Latch trimming, FF/Latch <AXI_LITE_IPIF_I/I_SLAVE_ATTACHMENT/s_axi_rdata_i_18> has a constant value of 0 in block <adccontroller3>. This FF/Latch will be trimmed during the optimization process.
WARNING:Xst:1896 - Due to other FF/Latch trimming, FF/Latch <AXI_LITE_IPIF_I/I_SLAVE_ATTACHMENT/s_axi_rdata_i_17> has a constant value of 0 in block <adccontroller3>. This FF/Latch will be trimmed during the optimization process.
WARNING:Xst:1896 - Due to other FF/Latch trimming, FF/Latch <AXI_LITE_IPIF_I/I_SLAVE_ATTACHMENT/s_axi_rdata_i_16> has a constant value of 0 in block <adccontroller3>. This FF/Latch will be trimmed during the optimization process.
WARNING:Xst:1896 - Due to other FF/Latch trimming, FF/Latch <AXI_LITE_IPIF_I/I_SLAVE_ATTACHMENT/s_axi_rdata_i_15> has a constant value of 0 in block <adccontroller3>. This FF/Latch will be trimmed during the optimization process.
WARNING:Xst:1896 - Due to other FF/Latch trimming, FF/Latch <AXI_LITE_IPIF_I/I_SLAVE_ATTACHMENT/s_axi_rdata_i_14> has a constant value of 0 in block <adccontroller3>. This FF/Latch will be trimmed during the optimization process.
WARNING:Xst:1896 - Due to other FF/Latch trimming, FF/Latch <AXI_LITE_IPIF_I/I_SLAVE_ATTACHMENT/s_axi_rdata_i_13> has a constant value of 0 in block <adccontroller3>. This FF/Latch will be trimmed during the optimization process.
WARNING:Xst:1896 - Due to other FF/Latch trimming, FF/Latch <AXI_LITE_IPIF_I/I_SLAVE_ATTACHMENT/s_axi_rdata_i_12> has a constant value of 0 in block <adccontroller3>. This FF/Latch will be trimmed during the optimization process.
WARNING:Xst:1896 - Due to other FF/Latch trimming, FF/Latch <AXI_LITE_IPIF_I/I_SLAVE_ATTACHMENT/s_axi_rdata_i_11> has a constant value of 0 in block <adccontroller3>. This FF/Latch will be trimmed during the optimization process.
WARNING:Xst:1896 - Due to other FF/Latch trimming, FF/Latch <AXI_LITE_IPIF_I/I_SLAVE_ATTACHMENT/s_axi_rdata_i_10> has a constant value of 0 in block <adccontroller3>. This FF/Latch will be trimmed during the optimization process.
WARNING:Xst:1896 - Due to other FF/Latch trimming, FF/Latch <AXI_LITE_IPIF_I/I_SLAVE_ATTACHMENT/s_axi_rdata_i_9> has a constant value of 0 in block <adccontroller3>. This FF/Latch will be trimmed during the optimization process.
WARNING:Xst:1896 - Due to other FF/Latch trimming, FF/Latch <AXI_LITE_IPIF_I/I_SLAVE_ATTACHMENT/s_axi_rdata_i_8> has a constant value of 0 in block <adccontroller3>. This FF/Latch will be trimmed during the optimization process.
WARNING:Xst:1896 - Due to other FF/Latch trimming, FF/Latch <AXI_LITE_IPIF_I/I_SLAVE_ATTACHMENT/s_axi_rdata_i_7> has a constant value of 0 in block <adccontroller3>. This FF/Latch will be trimmed during the optimization process.
WARNING:Xst:1896 - Due to other FF/Latch trimming, FF/Latch <AXI_LITE_IPIF_I/I_SLAVE_ATTACHMENT/s_axi_rdata_i_6> has a constant value of 0 in block <adccontroller3>. This FF/Latch will be trimmed during the optimization process.
WARNING:Xst:1896 - Due to other FF/Latch trimming, FF/Latch <AXI_LITE_IPIF_I/I_SLAVE_ATTACHMENT/s_axi_rdata_i_5> has a constant value of 0 in block <adccontroller3>. This FF/Latch will be trimmed during the optimization process.
WARNING:Xst:1896 - Due to other FF/Latch trimming, FF/Latch <AXI_LITE_IPIF_I/I_SLAVE_ATTACHMENT/s_axi_rdata_i_4> has a constant value of 0 in block <adccontroller3>. This FF/Latch will be trimmed during the optimization process.
WARNING:Xst:1896 - Due to other FF/Latch trimming, FF/Latch <AXI_LITE_IPIF_I/I_SLAVE_ATTACHMENT/s_axi_rdata_i_3> has a constant value of 0 in block <adccontroller3>. This FF/Latch will be trimmed during the optimization process.
WARNING:Xst:1896 - Due to other FF/Latch trimming, FF/Latch <AXI_LITE_IPIF_I/I_SLAVE_ATTACHMENT/s_axi_rdata_i_2> has a constant value of 0 in block <adccontroller3>. This FF/Latch will be trimmed during the optimization process.
WARNING:Xst:1896 - Due to other FF/Latch trimming, FF/Latch <AXI_LITE_IPIF_I/I_SLAVE_ATTACHMENT/s_axi_rdata_i_1> has a constant value of 0 in block <adccontroller3>. This FF/Latch will be trimmed during the optimization process.
WARNING:Xst:1896 - Due to other FF/Latch trimming, FF/Latch <AXI_LITE_IPIF_I/I_SLAVE_ATTACHMENT/s_axi_rdata_i_0> has a constant value of 0 in block <adccontroller3>. This FF/Latch will be trimmed during the optimization process.
WARNING:Xst:1895 - Due to other FF/Latch trimming, FF/Latch <USER_LOGIC_I/slv_reg4_15> (without init value) has a constant value of 0 in block <adccontroller3>. This FF/Latch will be trimmed during the optimization process.
WARNING:Xst:1895 - Due to other FF/Latch trimming, FF/Latch <USER_LOGIC_I/slv_reg4_14> (without init value) has a constant value of 0 in block <adccontroller3>. This FF/Latch will be trimmed during the optimization process.
WARNING:Xst:1895 - Due to other FF/Latch trimming, FF/Latch <USER_LOGIC_I/slv_reg4_13> (without init value) has a constant value of 0 in block <adccontroller3>. This FF/Latch will be trimmed during the optimization process.
WARNING:Xst:1895 - Due to other FF/Latch trimming, FF/Latch <USER_LOGIC_I/slv_reg4_12> (without init value) has a constant value of 0 in block <adccontroller3>. This FF/Latch will be trimmed during the optimization process.
WARNING:Xst:1895 - Due to other FF/Latch trimming, FF/Latch <USER_LOGIC_I/slv_reg4_11> (without init value) has a constant value of 0 in block <adccontroller3>. This FF/Latch will be trimmed during the optimization process.
WARNING:Xst:1895 - Due to other FF/Latch trimming, FF/Latch <USER_LOGIC_I/slv_reg4_10> (without init value) has a constant value of 0 in block <adccontroller3>. This FF/Latch will be trimmed during the optimization process.
WARNING:Xst:1895 - Due to other FF/Latch trimming, FF/Latch <USER_LOGIC_I/slv_reg4_9> (without init value) has a constant value of 0 in block <adccontroller3>. This FF/Latch will be trimmed during the optimization process.
WARNING:Xst:1895 - Due to other FF/Latch trimming, FF/Latch <USER_LOGIC_I/slv_reg4_8> (without init value) has a constant value of 0 in block <adccontroller3>. This FF/Latch will be trimmed during the optimization process.
WARNING:Xst:1895 - Due to other FF/Latch trimming, FF/Latch <USER_LOGIC_I/slv_reg4_7> (without init value) has a constant value of 0 in block <adccontroller3>. This FF/Latch will be trimmed during the optimization process.
WARNING:Xst:1895 - Due to other FF/Latch trimming, FF/Latch <USER_LOGIC_I/slv_reg4_6> (without init value) has a constant value of 0 in block <adccontroller3>. This FF/Latch will be trimmed during the optimization process.
WARNING:Xst:1895 - Due to other FF/Latch trimming, FF/Latch <USER_LOGIC_I/slv_reg4_5> (without init value) has a constant value of 0 in block <adccontroller3>. This FF/Latch will be trimmed during the optimization process.
WARNING:Xst:1895 - Due to other FF/Latch trimming, FF/Latch <USER_LOGIC_I/slv_reg4_4> (without init value) has a constant value of 0 in block <adccontroller3>. This FF/Latch will be trimmed during the optimization process.
WARNING:Xst:1895 - Due to other FF/Latch trimming, FF/Latch <USER_LOGIC_I/slv_reg4_3> (without init value) has a constant value of 0 in block <adccontroller3>. This FF/Latch will be trimmed during the optimization process.
WARNING:Xst:1895 - Due to other FF/Latch trimming, FF/Latch <USER_LOGIC_I/slv_reg4_2> (without init value) has a constant value of 0 in block <adccontroller3>. This FF/Latch will be trimmed during the optimization process.
WARNING:Xst:1895 - Due to other FF/Latch trimming, FF/Latch <USER_LOGIC_I/slv_reg4_1> (without init value) has a constant value of 0 in block <adccontroller3>. This FF/Latch will be trimmed during the optimization process.
WARNING:Xst:1895 - Due to other FF/Latch trimming, FF/Latch <USER_LOGIC_I/slv_reg4_0> (without init value) has a constant value of 0 in block <adccontroller3>. This FF/Latch will be trimmed during the optimization process.
WARNING:Xst:1896 - Due to other FF/Latch trimming, FF/Latch <AXI_LITE_IPIF_I/I_SLAVE_ATTACHMENT/s_axi_rdata_i_31> has a constant value of 0 in block <adccontroller3>. This FF/Latch will be trimmed during the optimization process.
WARNING:Xst:1896 - Due to other FF/Latch trimming, FF/Latch <AXI_LITE_IPIF_I/I_SLAVE_ATTACHMENT/s_axi_rdata_i_30> has a constant value of 0 in block <adccontroller3>. This FF/Latch will be trimmed during the optimization process.
WARNING:Xst:1896 - Due to other FF/Latch trimming, FF/Latch <AXI_LITE_IPIF_I/I_SLAVE_ATTACHMENT/s_axi_rdata_i_29> has a constant value of 0 in block <adccontroller3>. This FF/Latch will be trimmed during the optimization process.
WARNING:Xst:1896 - Due to other FF/Latch trimming, FF/Latch <AXI_LITE_IPIF_I/I_SLAVE_ATTACHMENT/s_axi_rdata_i_28> has a constant value of 0 in block <adccontroller3>. This FF/Latch will be trimmed during the optimization process.
WARNING:Xst:1896 - Due to other FF/Latch trimming, FF/Latch <AXI_LITE_IPIF_I/I_SLAVE_ATTACHMENT/s_axi_rdata_i_27> has a constant value of 0 in block <adccontroller3>. This FF/Latch will be trimmed during the optimization process.
WARNING:Xst:1896 - Due to other FF/Latch trimming, FF/Latch <AXI_LITE_IPIF_I/I_SLAVE_ATTACHMENT/s_axi_rdata_i_26> has a constant value of 0 in block <adccontroller3>. This FF/Latch will be trimmed during the optimization process.
WARNING:Xst:1896 - Due to other FF/Latch trimming, FF/Latch <AXI_LITE_IPIF_I/I_SLAVE_ATTACHMENT/s_axi_rdata_i_25> has a constant value of 0 in block <adccontroller3>. This FF/Latch will be trimmed during the optimization process.
WARNING:Xst:1896 - Due to other FF/Latch trimming, FF/Latch <AXI_LITE_IPIF_I/I_SLAVE_ATTACHMENT/s_axi_rdata_i_24> has a constant value of 0 in block <adccontroller3>. This FF/Latch will be trimmed during the optimization process.
WARNING:Xst:1895 - Due to other FF/Latch trimming, FF/Latch <USER_LOGIC_I/slv_reg5_31> (without init value) has a constant value of 0 in block <adccontroller3>. This FF/Latch will be trimmed during the optimization process.
WARNING:Xst:1895 - Due to other FF/Latch trimming, FF/Latch <USER_LOGIC_I/slv_reg5_30> (without init value) has a constant value of 0 in block <adccontroller3>. This FF/Latch will be trimmed during the optimization process.
WARNING:Xst:1895 - Due to other FF/Latch trimming, FF/Latch <USER_LOGIC_I/slv_reg5_29> (without init value) has a constant value of 0 in block <adccontroller3>. This FF/Latch will be trimmed during the optimization process.
WARNING:Xst:1895 - Due to other FF/Latch trimming, FF/Latch <USER_LOGIC_I/slv_reg5_28> (without init value) has a constant value of 0 in block <adccontroller3>. This FF/Latch will be trimmed during the optimization process.
WARNING:Xst:1895 - Due to other FF/Latch trimming, FF/Latch <USER_LOGIC_I/slv_reg5_27> (without init value) has a constant value of 0 in block <adccontroller3>. This FF/Latch will be trimmed during the optimization process.
WARNING:Xst:1895 - Due to other FF/Latch trimming, FF/Latch <USER_LOGIC_I/slv_reg5_26> (without init value) has a constant value of 0 in block <adccontroller3>. This FF/Latch will be trimmed during the optimization process.
WARNING:Xst:1895 - Due to other FF/Latch trimming, FF/Latch <USER_LOGIC_I/slv_reg5_25> (without init value) has a constant value of 0 in block <adccontroller3>. This FF/Latch will be trimmed during the optimization process.
WARNING:Xst:1895 - Due to other FF/Latch trimming, FF/Latch <USER_LOGIC_I/slv_reg5_24> (without init value) has a constant value of 0 in block <adccontroller3>. This FF/Latch will be trimmed during the optimization process.
WARNING:Xst:1895 - Due to other FF/Latch trimming, FF/Latch <USER_LOGIC_I/slv_reg5_23> (without init value) has a constant value of 0 in block <adccontroller3>. This FF/Latch will be trimmed during the optimization process.
WARNING:Xst:1895 - Due to other FF/Latch trimming, FF/Latch <USER_LOGIC_I/slv_reg5_22> (without init value) has a constant value of 0 in block <adccontroller3>. This FF/Latch will be trimmed during the optimization process.
WARNING:Xst:1895 - Due to other FF/Latch trimming, FF/Latch <USER_LOGIC_I/slv_reg5_21> (without init value) has a constant value of 0 in block <adccontroller3>. This FF/Latch will be trimmed during the optimization process.
WARNING:Xst:1895 - Due to other FF/Latch trimming, FF/Latch <USER_LOGIC_I/slv_reg5_20> (without init value) has a constant value of 0 in block <adccontroller3>. This FF/Latch will be trimmed during the optimization process.
WARNING:Xst:1895 - Due to other FF/Latch trimming, FF/Latch <USER_LOGIC_I/slv_reg5_19> (without init value) has a constant value of 0 in block <adccontroller3>. This FF/Latch will be trimmed during the optimization process.
WARNING:Xst:1895 - Due to other FF/Latch trimming, FF/Latch <USER_LOGIC_I/slv_reg5_18> (without init value) has a constant value of 0 in block <adccontroller3>. This FF/Latch will be trimmed during the optimization process.
WARNING:Xst:1895 - Due to other FF/Latch trimming, FF/Latch <USER_LOGIC_I/slv_reg5_17> (without init value) has a constant value of 0 in block <adccontroller3>. This FF/Latch will be trimmed during the optimization process.
WARNING:Xst:1895 - Due to other FF/Latch trimming, FF/Latch <USER_LOGIC_I/slv_reg5_16> (without init value) has a constant value of 0 in block <adccontroller3>. This FF/Latch will be trimmed during the optimization process.
WARNING:Xst:1895 - Due to other FF/Latch trimming, FF/Latch <USER_LOGIC_I/slv_reg5_0> (without init value) has a constant value of 0 in block <adccontroller3>. This FF/Latch will be trimmed during the optimization process.
WARNING:Xst:1895 - Due to other FF/Latch trimming, FF/Latch <USER_LOGIC_I/slv_reg5_1> (without init value) has a constant value of 0 in block <adccontroller3>. This FF/Latch will be trimmed during the optimization process.
WARNING:Xst:1895 - Due to other FF/Latch trimming, FF/Latch <USER_LOGIC_I/slv_reg5_2> (without init value) has a constant value of 0 in block <adccontroller3>. This FF/Latch will be trimmed during the optimization process.
WARNING:Xst:1895 - Due to other FF/Latch trimming, FF/Latch <USER_LOGIC_I/slv_reg5_3> (without init value) has a constant value of 0 in block <adccontroller3>. This FF/Latch will be trimmed during the optimization process.
WARNING:Xst:1895 - Due to other FF/Latch trimming, FF/Latch <USER_LOGIC_I/slv_reg5_4> (without init value) has a constant value of 0 in block <adccontroller3>. This FF/Latch will be trimmed during the optimization process.
WARNING:Xst:1895 - Due to other FF/Latch trimming, FF/Latch <USER_LOGIC_I/slv_reg5_5> (without init value) has a constant value of 0 in block <adccontroller3>. This FF/Latch will be trimmed during the optimization process.
WARNING:Xst:1895 - Due to other FF/Latch trimming, FF/Latch <USER_LOGIC_I/slv_reg5_6> (without init value) has a constant value of 0 in block <adccontroller3>. This FF/Latch will be trimmed during the optimization process.
WARNING:Xst:1895 - Due to other FF/Latch trimming, FF/Latch <USER_LOGIC_I/slv_reg5_7> (without init value) has a constant value of 0 in block <adccontroller3>. This FF/Latch will be trimmed during the optimization process.
WARNING:Xst:1895 - Due to other FF/Latch trimming, FF/Latch <USER_LOGIC_I/slv_reg5_8> (without init value) has a constant value of 0 in block <adccontroller3>. This FF/Latch will be trimmed during the optimization process.
WARNING:Xst:1895 - Due to other FF/Latch trimming, FF/Latch <USER_LOGIC_I/slv_reg5_9> (without init value) has a constant value of 0 in block <adccontroller3>. This FF/Latch will be trimmed during the optimization process.
WARNING:Xst:1895 - Due to other FF/Latch trimming, FF/Latch <USER_LOGIC_I/slv_reg5_10> (without init value) has a constant value of 0 in block <adccontroller3>. This FF/Latch will be trimmed during the optimization process.
WARNING:Xst:1895 - Due to other FF/Latch trimming, FF/Latch <USER_LOGIC_I/slv_reg5_11> (without init value) has a constant value of 0 in block <adccontroller3>. This FF/Latch will be trimmed during the optimization process.
WARNING:Xst:1895 - Due to other FF/Latch trimming, FF/Latch <USER_LOGIC_I/slv_reg5_12> (without init value) has a constant value of 0 in block <adccontroller3>. This FF/Latch will be trimmed during the optimization process.
WARNING:Xst:1895 - Due to other FF/Latch trimming, FF/Latch <USER_LOGIC_I/slv_reg5_13> (without init value) has a constant value of 0 in block <adccontroller3>. This FF/Latch will be trimmed during the optimization process.
WARNING:Xst:1895 - Due to other FF/Latch trimming, FF/Latch <USER_LOGIC_I/slv_reg5_14> (without init value) has a constant value of 0 in block <adccontroller3>. This FF/Latch will be trimmed during the optimization process.
WARNING:Xst:1895 - Due to other FF/Latch trimming, FF/Latch <USER_LOGIC_I/slv_reg5_15> (without init value) has a constant value of 0 in block <adccontroller3>. This FF/Latch will be trimmed during the optimization process.
WARNING:Xst:1895 - Due to other FF/Latch trimming, FF/Latch <USER_LOGIC_I/DOWN_SAMPLING_15> (without init value) has a constant value of 0 in block <adccontroller3>. This FF/Latch will be trimmed during the optimization process.
WARNING:Xst:1895 - Due to other FF/Latch trimming, FF/Latch <USER_LOGIC_I/DOWN_SAMPLING_14> (without init value) has a constant value of 0 in block <adccontroller3>. This FF/Latch will be trimmed during the optimization process.
WARNING:Xst:1895 - Due to other FF/Latch trimming, FF/Latch <USER_LOGIC_I/DOWN_SAMPLING_13> (without init value) has a constant value of 0 in block <adccontroller3>. This FF/Latch will be trimmed during the optimization process.
WARNING:Xst:1895 - Due to other FF/Latch trimming, FF/Latch <USER_LOGIC_I/DOWN_SAMPLING_12> (without init value) has a constant value of 0 in block <adccontroller3>. This FF/Latch will be trimmed during the optimization process.
WARNING:Xst:1895 - Due to other FF/Latch trimming, FF/Latch <USER_LOGIC_I/DOWN_SAMPLING_11> (without init value) has a constant value of 0 in block <adccontroller3>. This FF/Latch will be trimmed during the optimization process.
WARNING:Xst:1895 - Due to other FF/Latch trimming, FF/Latch <USER_LOGIC_I/DOWN_SAMPLING_10> (without init value) has a constant value of 0 in block <adccontroller3>. This FF/Latch will be trimmed during the optimization process.
WARNING:Xst:1895 - Due to other FF/Latch trimming, FF/Latch <USER_LOGIC_I/DOWN_SAMPLING_9> (without init value) has a constant value of 0 in block <adccontroller3>. This FF/Latch will be trimmed during the optimization process.
WARNING:Xst:1895 - Due to other FF/Latch trimming, FF/Latch <USER_LOGIC_I/DOWN_SAMPLING_8> (without init value) has a constant value of 0 in block <adccontroller3>. This FF/Latch will be trimmed during the optimization process.
WARNING:Xst:1895 - Due to other FF/Latch trimming, FF/Latch <USER_LOGIC_I/DOWN_SAMPLING_7> (without init value) has a constant value of 0 in block <adccontroller3>. This FF/Latch will be trimmed during the optimization process.
WARNING:Xst:1895 - Due to other FF/Latch trimming, FF/Latch <USER_LOGIC_I/DOWN_SAMPLING_6> (without init value) has a constant value of 0 in block <adccontroller3>. This FF/Latch will be trimmed during the optimization process.
WARNING:Xst:1895 - Due to other FF/Latch trimming, FF/Latch <USER_LOGIC_I/DOWN_SAMPLING_5> (without init value) has a constant value of 0 in block <adccontroller3>. This FF/Latch will be trimmed during the optimization process.
WARNING:Xst:1895 - Due to other FF/Latch trimming, FF/Latch <USER_LOGIC_I/DOWN_SAMPLING_4> (without init value) has a constant value of 0 in block <adccontroller3>. This FF/Latch will be trimmed during the optimization process.
WARNING:Xst:1895 - Due to other FF/Latch trimming, FF/Latch <USER_LOGIC_I/DOWN_SAMPLING_3> (without init value) has a constant value of 0 in block <adccontroller3>. This FF/Latch will be trimmed during the optimization process.
WARNING:Xst:1895 - Due to other FF/Latch trimming, FF/Latch <USER_LOGIC_I/DOWN_SAMPLING_2> (without init value) has a constant value of 0 in block <adccontroller3>. This FF/Latch will be trimmed during the optimization process.
WARNING:Xst:1895 - Due to other FF/Latch trimming, FF/Latch <USER_LOGIC_I/DOWN_SAMPLING_1> (without init value) has a constant value of 0 in block <adccontroller3>. This FF/Latch will be trimmed during the optimization process.
WARNING:Xst:1895 - Due to other FF/Latch trimming, FF/Latch <USER_LOGIC_I/DOWN_SAMPLING_0> (without init value) has a constant value of 0 in block <adccontroller3>. This FF/Latch will be trimmed during the optimization process.
WARNING:Xst:1895 - Due to other FF/Latch trimming, FF/Latch <USER_LOGIC_I/DOWN_SAMPLING_16> (without init value) has a constant value of 0 in block <adccontroller3>. This FF/Latch will be trimmed during the optimization process.
WARNING:Xst:1895 - Due to other FF/Latch trimming, FF/Latch <USER_LOGIC_I/DOWN_SAMPLING_17> (without init value) has a constant value of 0 in block <adccontroller3>. This FF/Latch will be trimmed during the optimization process.
WARNING:Xst:1895 - Due to other FF/Latch trimming, FF/Latch <USER_LOGIC_I/DOWN_SAMPLING_18> (without init value) has a constant value of 0 in block <adccontroller3>. This FF/Latch will be trimmed during the optimization process.
WARNING:Xst:1895 - Due to other FF/Latch trimming, FF/Latch <USER_LOGIC_I/DOWN_SAMPLING_19> (without init value) has a constant value of 0 in block <adccontroller3>. This FF/Latch will be trimmed during the optimization process.
WARNING:Xst:1895 - Due to other FF/Latch trimming, FF/Latch <USER_LOGIC_I/DOWN_SAMPLING_20> (without init value) has a constant value of 0 in block <adccontroller3>. This FF/Latch will be trimmed during the optimization process.
WARNING:Xst:1895 - Due to other FF/Latch trimming, FF/Latch <USER_LOGIC_I/DOWN_SAMPLING_21> (without init value) has a constant value of 0 in block <adccontroller3>. This FF/Latch will be trimmed during the optimization process.
WARNING:Xst:1895 - Due to other FF/Latch trimming, FF/Latch <USER_LOGIC_I/DOWN_SAMPLING_22> (without init value) has a constant value of 0 in block <adccontroller3>. This FF/Latch will be trimmed during the optimization process.
WARNING:Xst:1895 - Due to other FF/Latch trimming, FF/Latch <USER_LOGIC_I/DOWN_SAMPLING_23> (without init value) has a constant value of 0 in block <adccontroller3>. This FF/Latch will be trimmed during the optimization process.
WARNING:Xst:1895 - Due to other FF/Latch trimming, FF/Latch <USER_LOGIC_I/DOWN_SAMPLING_24> (without init value) has a constant value of 0 in block <adccontroller3>. This FF/Latch will be trimmed during the optimization process.
WARNING:Xst:1895 - Due to other FF/Latch trimming, FF/Latch <USER_LOGIC_I/DOWN_SAMPLING_25> (without init value) has a constant value of 0 in block <adccontroller3>. This FF/Latch will be trimmed during the optimization process.
WARNING:Xst:1895 - Due to other FF/Latch trimming, FF/Latch <USER_LOGIC_I/DOWN_SAMPLING_26> (without init value) has a constant value of 0 in block <adccontroller3>. This FF/Latch will be trimmed during the optimization process.
WARNING:Xst:1895 - Due to other FF/Latch trimming, FF/Latch <USER_LOGIC_I/DOWN_SAMPLING_27> (without init value) has a constant value of 0 in block <adccontroller3>. This FF/Latch will be trimmed during the optimization process.
WARNING:Xst:1895 - Due to other FF/Latch trimming, FF/Latch <USER_LOGIC_I/DOWN_SAMPLING_28> (without init value) has a constant value of 0 in block <adccontroller3>. This FF/Latch will be trimmed during the optimization process.
WARNING:Xst:1895 - Due to other FF/Latch trimming, FF/Latch <USER_LOGIC_I/DOWN_SAMPLING_29> (without init value) has a constant value of 0 in block <adccontroller3>. This FF/Latch will be trimmed during the optimization process.
WARNING:Xst:1895 - Due to other FF/Latch trimming, FF/Latch <USER_LOGIC_I/DOWN_SAMPLING_30> (without init value) has a constant value of 0 in block <adccontroller3>. This FF/Latch will be trimmed during the optimization process.
WARNING:Xst:1895 - Due to other FF/Latch trimming, FF/Latch <USER_LOGIC_I/DOWN_SAMPLING_31> (without init value) has a constant value of 0 in block <adccontroller3>. This FF/Latch will be trimmed during the optimization process.
WARNING:Xst:1895 - Due to other FF/Latch trimming, FF/Latch <USER_LOGIC_I/BUFFER_SIZE_0> (without init value) has a constant value of 0 in block <adccontroller3>. This FF/Latch will be trimmed during the optimization process.
WARNING:Xst:1895 - Due to other FF/Latch trimming, FF/Latch <USER_LOGIC_I/BUFFER_SIZE_1> (without init value) has a constant value of 0 in block <adccontroller3>. This FF/Latch will be trimmed during the optimization process.
WARNING:Xst:1895 - Due to other FF/Latch trimming, FF/Latch <USER_LOGIC_I/BUFFER_SIZE_2> (without init value) has a constant value of 0 in block <adccontroller3>. This FF/Latch will be trimmed during the optimization process.
WARNING:Xst:1895 - Due to other FF/Latch trimming, FF/Latch <USER_LOGIC_I/BUFFER_SIZE_3> (without init value) has a constant value of 0 in block <adccontroller3>. This FF/Latch will be trimmed during the optimization process.
WARNING:Xst:1895 - Due to other FF/Latch trimming, FF/Latch <USER_LOGIC_I/BUFFER_SIZE_4> (without init value) has a constant value of 0 in block <adccontroller3>. This FF/Latch will be trimmed during the optimization process.
WARNING:Xst:1895 - Due to other FF/Latch trimming, FF/Latch <USER_LOGIC_I/BUFFER_SIZE_5> (without init value) has a constant value of 0 in block <adccontroller3>. This FF/Latch will be trimmed during the optimization process.
WARNING:Xst:1895 - Due to other FF/Latch trimming, FF/Latch <USER_LOGIC_I/BUFFER_SIZE_6> (without init value) has a constant value of 0 in block <adccontroller3>. This FF/Latch will be trimmed during the optimization process.
WARNING:Xst:1895 - Due to other FF/Latch trimming, FF/Latch <USER_LOGIC_I/BUFFER_SIZE_7> (without init value) has a constant value of 0 in block <adccontroller3>. This FF/Latch will be trimmed during the optimization process.
WARNING:Xst:1895 - Due to other FF/Latch trimming, FF/Latch <USER_LOGIC_I/BUFFER_SIZE_8> (without init value) has a constant value of 0 in block <adccontroller3>. This FF/Latch will be trimmed during the optimization process.
WARNING:Xst:1895 - Due to other FF/Latch trimming, FF/Latch <USER_LOGIC_I/BUFFER_SIZE_9> (without init value) has a constant value of 0 in block <adccontroller3>. This FF/Latch will be trimmed during the optimization process.
WARNING:Xst:1895 - Due to other FF/Latch trimming, FF/Latch <USER_LOGIC_I/BUFFER_SIZE_10> (without init value) has a constant value of 0 in block <adccontroller3>. This FF/Latch will be trimmed during the optimization process.
WARNING:Xst:1895 - Due to other FF/Latch trimming, FF/Latch <USER_LOGIC_I/BUFFER_SIZE_11> (without init value) has a constant value of 0 in block <adccontroller3>. This FF/Latch will be trimmed during the optimization process.
WARNING:Xst:1895 - Due to other FF/Latch trimming, FF/Latch <USER_LOGIC_I/BUFFER_SIZE_12> (without init value) has a constant value of 0 in block <adccontroller3>. This FF/Latch will be trimmed during the optimization process.
WARNING:Xst:1895 - Due to other FF/Latch trimming, FF/Latch <USER_LOGIC_I/BUFFER_SIZE_13> (without init value) has a constant value of 0 in block <adccontroller3>. This FF/Latch will be trimmed during the optimization process.
WARNING:Xst:1895 - Due to other FF/Latch trimming, FF/Latch <USER_LOGIC_I/BUFFER_SIZE_14> (without init value) has a constant value of 0 in block <adccontroller3>. This FF/Latch will be trimmed during the optimization process.
WARNING:Xst:1895 - Due to other FF/Latch trimming, FF/Latch <USER_LOGIC_I/BUFFER_SIZE_15> (without init value) has a constant value of 0 in block <adccontroller3>. This FF/Latch will be trimmed during the optimization process.
WARNING:Xst:1895 - Due to other FF/Latch trimming, FF/Latch <USER_LOGIC_I/BUFFER_SIZE_16> (without init value) has a constant value of 0 in block <adccontroller3>. This FF/Latch will be trimmed during the optimization process.
WARNING:Xst:1895 - Due to other FF/Latch trimming, FF/Latch <USER_LOGIC_I/BUFFER_SIZE_17> (without init value) has a constant value of 0 in block <adccontroller3>. This FF/Latch will be trimmed during the optimization process.
WARNING:Xst:1895 - Due to other FF/Latch trimming, FF/Latch <USER_LOGIC_I/BUFFER_SIZE_18> (without init value) has a constant value of 0 in block <adccontroller3>. This FF/Latch will be trimmed during the optimization process.
WARNING:Xst:1895 - Due to other FF/Latch trimming, FF/Latch <USER_LOGIC_I/BUFFER_SIZE_19> (without init value) has a constant value of 0 in block <adccontroller3>. This FF/Latch will be trimmed during the optimization process.
WARNING:Xst:1895 - Due to other FF/Latch trimming, FF/Latch <USER_LOGIC_I/BUFFER_SIZE_20> (without init value) has a constant value of 0 in block <adccontroller3>. This FF/Latch will be trimmed during the optimization process.
WARNING:Xst:1895 - Due to other FF/Latch trimming, FF/Latch <USER_LOGIC_I/BUFFER_SIZE_21> (without init value) has a constant value of 0 in block <adccontroller3>. This FF/Latch will be trimmed during the optimization process.
WARNING:Xst:1895 - Due to other FF/Latch trimming, FF/Latch <USER_LOGIC_I/BUFFER_SIZE_22> (without init value) has a constant value of 0 in block <adccontroller3>. This FF/Latch will be trimmed during the optimization process.
WARNING:Xst:1895 - Due to other FF/Latch trimming, FF/Latch <USER_LOGIC_I/BUFFER_SIZE_23> (without init value) has a constant value of 0 in block <adccontroller3>. This FF/Latch will be trimmed during the optimization process.
WARNING:Xst:1895 - Due to other FF/Latch trimming, FF/Latch <USER_LOGIC_I/BUFFER_SIZE_24> (without init value) has a constant value of 0 in block <adccontroller3>. This FF/Latch will be trimmed during the optimization process.
WARNING:Xst:1895 - Due to other FF/Latch trimming, FF/Latch <USER_LOGIC_I/BUFFER_SIZE_25> (without init value) has a constant value of 0 in block <adccontroller3>. This FF/Latch will be trimmed during the optimization process.
WARNING:Xst:1895 - Due to other FF/Latch trimming, FF/Latch <USER_LOGIC_I/BUFFER_SIZE_26> (without init value) has a constant value of 0 in block <adccontroller3>. This FF/Latch will be trimmed during the optimization process.
WARNING:Xst:1895 - Due to other FF/Latch trimming, FF/Latch <USER_LOGIC_I/BUFFER_SIZE_27> (without init value) has a constant value of 0 in block <adccontroller3>. This FF/Latch will be trimmed during the optimization process.
WARNING:Xst:1895 - Due to other FF/Latch trimming, FF/Latch <USER_LOGIC_I/BUFFER_SIZE_28> (without init value) has a constant value of 0 in block <adccontroller3>. This FF/Latch will be trimmed during the optimization process.
WARNING:Xst:1895 - Due to other FF/Latch trimming, FF/Latch <USER_LOGIC_I/BUFFER_SIZE_29> (without init value) has a constant value of 0 in block <adccontroller3>. This FF/Latch will be trimmed during the optimization process.
WARNING:Xst:1895 - Due to other FF/Latch trimming, FF/Latch <USER_LOGIC_I/BUFFER_SIZE_30> (without init value) has a constant value of 0 in block <adccontroller3>. This FF/Latch will be trimmed during the optimization process.
WARNING:Xst:1895 - Due to other FF/Latch trimming, FF/Latch <USER_LOGIC_I/BUFFER_SIZE_31> (without init value) has a constant value of 0 in block <adccontroller3>. This FF/Latch will be trimmed during the optimization process.
WARNING:Xst:1898 - Due to constant pushing, FF/Latch <USER_LOGIC_I/slv_reg2_15> is unconnected in block <adccontroller3>.
WARNING:Xst:1898 - Due to constant pushing, FF/Latch <USER_LOGIC_I/slv_reg1_15> is unconnected in block <adccontroller3>.
WARNING:Xst:1898 - Due to constant pushing, FF/Latch <USER_LOGIC_I/slv_reg2_23> is unconnected in block <adccontroller3>.
WARNING:Xst:1898 - Due to constant pushing, FF/Latch <USER_LOGIC_I/slv_reg1_23> is unconnected in block <adccontroller3>.
WARNING:Xst:1898 - Due to constant pushing, FF/Latch <USER_LOGIC_I/slv_reg2_31> is unconnected in block <adccontroller3>.
WARNING:Xst:1898 - Due to constant pushing, FF/Latch <USER_LOGIC_I/slv_reg1_31> is unconnected in block <adccontroller3>.
WARNING:Xst:1898 - Due to constant pushing, FF/Latch <USER_LOGIC_I/slv_reg2_7> is unconnected in block <adccontroller3>.
WARNING:Xst:1898 - Due to constant pushing, FF/Latch <USER_LOGIC_I/slv_reg1_7> is unconnected in block <adccontroller3>.
WARNING:Xst:1898 - Due to constant pushing, FF/Latch <USER_LOGIC_I/slv_reg2_0> is unconnected in block <adccontroller3>.
WARNING:Xst:1898 - Due to constant pushing, FF/Latch <USER_LOGIC_I/slv_reg1_0> is unconnected in block <adccontroller3>.
WARNING:Xst:1898 - Due to constant pushing, FF/Latch <USER_LOGIC_I/slv_reg2_10> is unconnected in block <adccontroller3>.
WARNING:Xst:1898 - Due to constant pushing, FF/Latch <USER_LOGIC_I/slv_reg1_10> is unconnected in block <adccontroller3>.
WARNING:Xst:1898 - Due to constant pushing, FF/Latch <USER_LOGIC_I/slv_reg2_11> is unconnected in block <adccontroller3>.
WARNING:Xst:1898 - Due to constant pushing, FF/Latch <USER_LOGIC_I/slv_reg1_11> is unconnected in block <adccontroller3>.
WARNING:Xst:1898 - Due to constant pushing, FF/Latch <USER_LOGIC_I/slv_reg2_12> is unconnected in block <adccontroller3>.
WARNING:Xst:1898 - Due to constant pushing, FF/Latch <USER_LOGIC_I/slv_reg1_12> is unconnected in block <adccontroller3>.
WARNING:Xst:1898 - Due to constant pushing, FF/Latch <USER_LOGIC_I/slv_reg2_13> is unconnected in block <adccontroller3>.
WARNING:Xst:1898 - Due to constant pushing, FF/Latch <USER_LOGIC_I/slv_reg1_13> is unconnected in block <adccontroller3>.
WARNING:Xst:1898 - Due to constant pushing, FF/Latch <USER_LOGIC_I/slv_reg2_14> is unconnected in block <adccontroller3>.
WARNING:Xst:1898 - Due to constant pushing, FF/Latch <USER_LOGIC_I/slv_reg1_14> is unconnected in block <adccontroller3>.
WARNING:Xst:1898 - Due to constant pushing, FF/Latch <USER_LOGIC_I/slv_reg2_16> is unconnected in block <adccontroller3>.
WARNING:Xst:1898 - Due to constant pushing, FF/Latch <USER_LOGIC_I/slv_reg1_16> is unconnected in block <adccontroller3>.
WARNING:Xst:1898 - Due to constant pushing, FF/Latch <USER_LOGIC_I/slv_reg2_17> is unconnected in block <adccontroller3>.
WARNING:Xst:1898 - Due to constant pushing, FF/Latch <USER_LOGIC_I/slv_reg1_17> is unconnected in block <adccontroller3>.
WARNING:Xst:1898 - Due to constant pushing, FF/Latch <USER_LOGIC_I/slv_reg2_18> is unconnected in block <adccontroller3>.
WARNING:Xst:1898 - Due to constant pushing, FF/Latch <USER_LOGIC_I/slv_reg1_18> is unconnected in block <adccontroller3>.
WARNING:Xst:1898 - Due to constant pushing, FF/Latch <USER_LOGIC_I/slv_reg2_19> is unconnected in block <adccontroller3>.
WARNING:Xst:1898 - Due to constant pushing, FF/Latch <USER_LOGIC_I/slv_reg1_19> is unconnected in block <adccontroller3>.
WARNING:Xst:1898 - Due to constant pushing, FF/Latch <USER_LOGIC_I/slv_reg2_1> is unconnected in block <adccontroller3>.
WARNING:Xst:1898 - Due to constant pushing, FF/Latch <USER_LOGIC_I/slv_reg1_1> is unconnected in block <adccontroller3>.
WARNING:Xst:1898 - Due to constant pushing, FF/Latch <USER_LOGIC_I/slv_reg2_20> is unconnected in block <adccontroller3>.
WARNING:Xst:1898 - Due to constant pushing, FF/Latch <USER_LOGIC_I/slv_reg1_20> is unconnected in block <adccontroller3>.
WARNING:Xst:1898 - Due to constant pushing, FF/Latch <USER_LOGIC_I/slv_reg2_21> is unconnected in block <adccontroller3>.
WARNING:Xst:1898 - Due to constant pushing, FF/Latch <USER_LOGIC_I/slv_reg1_21> is unconnected in block <adccontroller3>.
WARNING:Xst:1898 - Due to constant pushing, FF/Latch <USER_LOGIC_I/slv_reg2_22> is unconnected in block <adccontroller3>.
WARNING:Xst:1898 - Due to constant pushing, FF/Latch <USER_LOGIC_I/slv_reg1_22> is unconnected in block <adccontroller3>.
WARNING:Xst:1898 - Due to constant pushing, FF/Latch <USER_LOGIC_I/slv_reg2_24> is unconnected in block <adccontroller3>.
WARNING:Xst:1898 - Due to constant pushing, FF/Latch <USER_LOGIC_I/slv_reg1_24> is unconnected in block <adccontroller3>.
WARNING:Xst:1898 - Due to constant pushing, FF/Latch <USER_LOGIC_I/slv_reg2_25> is unconnected in block <adccontroller3>.
WARNING:Xst:1898 - Due to constant pushing, FF/Latch <USER_LOGIC_I/slv_reg1_25> is unconnected in block <adccontroller3>.
WARNING:Xst:1898 - Due to constant pushing, FF/Latch <USER_LOGIC_I/slv_reg2_26> is unconnected in block <adccontroller3>.
WARNING:Xst:1898 - Due to constant pushing, FF/Latch <USER_LOGIC_I/slv_reg1_26> is unconnected in block <adccontroller3>.
WARNING:Xst:1898 - Due to constant pushing, FF/Latch <USER_LOGIC_I/slv_reg2_27> is unconnected in block <adccontroller3>.
WARNING:Xst:1898 - Due to constant pushing, FF/Latch <USER_LOGIC_I/slv_reg1_27> is unconnected in block <adccontroller3>.
WARNING:Xst:1898 - Due to constant pushing, FF/Latch <USER_LOGIC_I/slv_reg2_28> is unconnected in block <adccontroller3>.
WARNING:Xst:1898 - Due to constant pushing, FF/Latch <USER_LOGIC_I/slv_reg1_28> is unconnected in block <adccontroller3>.
WARNING:Xst:1898 - Due to constant pushing, FF/Latch <USER_LOGIC_I/slv_reg2_29> is unconnected in block <adccontroller3>.
WARNING:Xst:1898 - Due to constant pushing, FF/Latch <USER_LOGIC_I/slv_reg1_29> is unconnected in block <adccontroller3>.
WARNING:Xst:1898 - Due to constant pushing, FF/Latch <USER_LOGIC_I/slv_reg2_2> is unconnected in block <adccontroller3>.
WARNING:Xst:1898 - Due to constant pushing, FF/Latch <USER_LOGIC_I/slv_reg1_2> is unconnected in block <adccontroller3>.
WARNING:Xst:1898 - Due to constant pushing, FF/Latch <USER_LOGIC_I/slv_reg2_30> is unconnected in block <adccontroller3>.
WARNING:Xst:1898 - Due to constant pushing, FF/Latch <USER_LOGIC_I/slv_reg1_30> is unconnected in block <adccontroller3>.
WARNING:Xst:1898 - Due to constant pushing, FF/Latch <USER_LOGIC_I/slv_reg2_3> is unconnected in block <adccontroller3>.
WARNING:Xst:1898 - Due to constant pushing, FF/Latch <USER_LOGIC_I/slv_reg1_3> is unconnected in block <adccontroller3>.
WARNING:Xst:1898 - Due to constant pushing, FF/Latch <USER_LOGIC_I/slv_reg2_4> is unconnected in block <adccontroller3>.
WARNING:Xst:1898 - Due to constant pushing, FF/Latch <USER_LOGIC_I/slv_reg1_4> is unconnected in block <adccontroller3>.
WARNING:Xst:1898 - Due to constant pushing, FF/Latch <USER_LOGIC_I/slv_reg2_5> is unconnected in block <adccontroller3>.
WARNING:Xst:1898 - Due to constant pushing, FF/Latch <USER_LOGIC_I/slv_reg1_5> is unconnected in block <adccontroller3>.
WARNING:Xst:1898 - Due to constant pushing, FF/Latch <USER_LOGIC_I/slv_reg2_6> is unconnected in block <adccontroller3>.
WARNING:Xst:1898 - Due to constant pushing, FF/Latch <USER_LOGIC_I/slv_reg1_6> is unconnected in block <adccontroller3>.
WARNING:Xst:1898 - Due to constant pushing, FF/Latch <USER_LOGIC_I/slv_reg2_8> is unconnected in block <adccontroller3>.
WARNING:Xst:1898 - Due to constant pushing, FF/Latch <USER_LOGIC_I/slv_reg1_8> is unconnected in block <adccontroller3>.
WARNING:Xst:1898 - Due to constant pushing, FF/Latch <USER_LOGIC_I/slv_reg2_9> is unconnected in block <adccontroller3>.
WARNING:Xst:1898 - Due to constant pushing, FF/Latch <USER_LOGIC_I/slv_reg1_9> is unconnected in block <adccontroller3>.
WARNING:Xst:1898 - Due to constant pushing, FF/Latch <USER_LOGIC_I/slv_reg0_7> is unconnected in block <adccontroller3>.

Mapping all equations...
Building and optimizing final netlist ...
Found area constraint ratio of 100 (+ 5) on block adccontroller3, actual ratio is 0.

Final Macro Processing ...

=========================================================================
Final Register Report

Macro Statistics
# Registers                                            : 24
 Flip-Flops                                            : 24

=========================================================================

=========================================================================
*                           Partition Report                            *
=========================================================================

Partition Implementation Status
-------------------------------

  No Partitions were found in this design.

-------------------------------

=========================================================================
*                            Design Summary                             *
=========================================================================

Top Level Output File Name         : adccontroller3.ngc

Primitive and Black Box Usage:
------------------------------
# BELS                             : 40
#      GND                         : 1
#      INV                         : 1
#      LUT2                        : 10
#      LUT3                        : 3
#      LUT4                        : 3
#      LUT5                        : 8
#      LUT6                        : 13
#      MUXF7                       : 1
# FlipFlops/Latches                : 24
#      FD                          : 9
#      FDR                         : 15
# Clock Buffers                    : 1
#      BUFGP                       : 1
# IO Buffers                       : 133
#      IBUF                        : 28
#      OBUF                        : 105

Device utilization summary:
---------------------------

Selected Device : 6slx45csg324-3 


Slice Logic Utilization: 
 Number of Slice Registers:              24  out of  54576     0%  
 Number of Slice LUTs:                   38  out of  27288     0%  
    Number used as Logic:                38  out of  27288     0%  

Slice Logic Distribution: 
 Number of LUT Flip Flop pairs used:     39
   Number with an unused Flip Flop:      15  out of     39    38%  
   Number with an unused LUT:             1  out of     39     2%  
   Number of fully used LUT-FF pairs:    23  out of     39    58%  
   Number of unique control sets:         3

IO Utilization: 
 Number of IOs:                         276
 Number of bonded IOBs:                 134  out of    218    61%  

Specific Feature Utilization:
 Number of BUFG/BUFGCTRLs:                1  out of     16     6%  

---------------------------
Partition Resource Summary:
---------------------------

  No Partitions were found in this design.

---------------------------


=========================================================================
Timing Report

NOTE: THESE TIMING NUMBERS ARE ONLY A SYNTHESIS ESTIMATE.
      FOR ACCURATE TIMING INFORMATION PLEASE REFER TO THE TRACE REPORT
      GENERATED AFTER PLACE-and-ROUTE.

Clock Information:
------------------
-----------------------------------+------------------------+-------+
Clock Signal                       | Clock buffer(FF name)  | Load  |
-----------------------------------+------------------------+-------+
S_AXI_ACLK                         | BUFGP                  | 24    |
-----------------------------------+------------------------+-------+

Asynchronous Control Signals Information:
----------------------------------------
No asynchronous control signals found in this design

Timing Summary:
---------------
Speed Grade: -3

   Minimum period: 2.676ns (Maximum Frequency: 373.650MHz)
   Minimum input arrival time before clock: 4.625ns
   Maximum output required time after clock: 4.878ns
   Maximum combinational path delay: 6.770ns

Timing Details:
---------------
All values displayed in nanoseconds (ns)

=========================================================================
Timing constraint: Default period analysis for Clock 'S_AXI_ACLK'
  Clock period: 2.676ns (frequency: 373.650MHz)
  Total number of paths / destination ports: 93 / 29
-------------------------------------------------------------------------
Delay:               2.676ns (Levels of Logic = 2)
  Source:            AXI_LITE_IPIF_I/I_SLAVE_ATTACHMENT/state_FSM_FFd2 (FF)
  Destination:       AXI_LITE_IPIF_I/I_SLAVE_ATTACHMENT/I_DECODER/ce_out_i_0 (FF)
  Source Clock:      S_AXI_ACLK rising
  Destination Clock: S_AXI_ACLK rising

  Data Path: AXI_LITE_IPIF_I/I_SLAVE_ATTACHMENT/state_FSM_FFd2 to AXI_LITE_IPIF_I/I_SLAVE_ATTACHMENT/I_DECODER/ce_out_i_0
                                Gate     Net
    Cell:in->out      fanout   Delay   Delay  Logical Name (Net Name)
    ----------------------------------------  ------------
     FDR:C->Q             13   0.447   1.037  AXI_LITE_IPIF_I/I_SLAVE_ATTACHMENT/state_FSM_FFd2 (AXI_LITE_IPIF_I/I_SLAVE_ATTACHMENT/state_FSM_FFd2)
     LUT5:I3->O            1   0.203   0.684  AXI_LITE_IPIF_I/I_SLAVE_ATTACHMENT/I_DECODER/MEM_DECODE_GEN[0].GEN_FOR_MULTI_CS.MEM_SELECT_I/Mmux_CS16 (AXI_LITE_IPIF_I/I_SLAVE_ATTACHMENT/I_DECODER/pselect_hit_i<0>)
     LUT6:I4->O            1   0.203   0.000  AXI_LITE_IPIF_I/I_SLAVE_ATTACHMENT/I_DECODER/ce_out_i_0_rstpot1 (AXI_LITE_IPIF_I/I_SLAVE_ATTACHMENT/I_DECODER/ce_out_i_0_rstpot1)
     FD:D                      0.102          AXI_LITE_IPIF_I/I_SLAVE_ATTACHMENT/I_DECODER/ce_out_i_0
    ----------------------------------------
    Total                      2.676ns (0.955ns logic, 1.721ns route)
                                       (35.7% logic, 64.3% route)

=========================================================================
Timing constraint: Default OFFSET IN BEFORE for Clock 'S_AXI_ACLK'
  Total number of paths / destination ports: 80 / 20
-------------------------------------------------------------------------
Offset:              4.625ns (Levels of Logic = 5)
  Source:            S_AXI_ARADDR<4> (PAD)
  Destination:       AXI_LITE_IPIF_I/I_SLAVE_ATTACHMENT/I_DECODER/ce_out_i_0 (FF)
  Destination Clock: S_AXI_ACLK rising

  Data Path: S_AXI_ARADDR<4> to AXI_LITE_IPIF_I/I_SLAVE_ATTACHMENT/I_DECODER/ce_out_i_0
                                Gate     Net
    Cell:in->out      fanout   Delay   Delay  Logical Name (Net Name)
    ----------------------------------------  ------------
     IBUF:I->O             1   1.222   0.944  S_AXI_ARADDR_4_IBUF (S_AXI_ARADDR_4_IBUF)
     LUT6:I0->O            1   0.203   0.000  AXI_LITE_IPIF_I/I_SLAVE_ATTACHMENT/I_DECODER/MEM_DECODE_GEN[0].GEN_FOR_MULTI_CS.MEM_SELECT_I/Mmux_CS14_G (N19)
     MUXF7:I1->O           1   0.140   0.924  AXI_LITE_IPIF_I/I_SLAVE_ATTACHMENT/I_DECODER/MEM_DECODE_GEN[0].GEN_FOR_MULTI_CS.MEM_SELECT_I/Mmux_CS14 (AXI_LITE_IPIF_I/I_SLAVE_ATTACHMENT/I_DECODER/MEM_DECODE_GEN[0].GEN_FOR_MULTI_CS.MEM_SELECT_I/Mmux_CS13)
     LUT5:I0->O            1   0.203   0.684  AXI_LITE_IPIF_I/I_SLAVE_ATTACHMENT/I_DECODER/MEM_DECODE_GEN[0].GEN_FOR_MULTI_CS.MEM_SELECT_I/Mmux_CS16 (AXI_LITE_IPIF_I/I_SLAVE_ATTACHMENT/I_DECODER/pselect_hit_i<0>)
     LUT6:I4->O            1   0.203   0.000  AXI_LITE_IPIF_I/I_SLAVE_ATTACHMENT/I_DECODER/ce_out_i_0_rstpot1 (AXI_LITE_IPIF_I/I_SLAVE_ATTACHMENT/I_DECODER/ce_out_i_0_rstpot1)
     FD:D                      0.102          AXI_LITE_IPIF_I/I_SLAVE_ATTACHMENT/I_DECODER/ce_out_i_0
    ----------------------------------------
    Total                      4.625ns (2.073ns logic, 2.552ns route)
                                       (44.8% logic, 55.2% route)

=========================================================================
Timing constraint: Default OFFSET OUT AFTER for Clock 'S_AXI_ACLK'
  Total number of paths / destination ports: 13 / 7
-------------------------------------------------------------------------
Offset:              4.878ns (Levels of Logic = 2)
  Source:            AXI_LITE_IPIF_I/I_SLAVE_ATTACHMENT/INCLUDE_DPHASE_TIMER.dpto_cnt_3 (FF)
  Destination:       S_AXI_WREADY (PAD)
  Source Clock:      S_AXI_ACLK rising

  Data Path: AXI_LITE_IPIF_I/I_SLAVE_ATTACHMENT/INCLUDE_DPHASE_TIMER.dpto_cnt_3 to S_AXI_WREADY
                                Gate     Net
    Cell:in->out      fanout   Delay   Delay  Logical Name (Net Name)
    ----------------------------------------  ------------
     FD:C->Q               6   0.447   0.973  AXI_LITE_IPIF_I/I_SLAVE_ATTACHMENT/INCLUDE_DPHASE_TIMER.dpto_cnt_3 (AXI_LITE_IPIF_I/I_SLAVE_ATTACHMENT/INCLUDE_DPHASE_TIMER.dpto_cnt_3)
     LUT6:I3->O            4   0.205   0.683  AXI_LITE_IPIF_I/I_SLAVE_ATTACHMENT/wr_done1 (S_AXI_AWREADY_OBUF)
     OBUF:I->O                 2.571          S_AXI_WREADY_OBUF (S_AXI_WREADY)
    ----------------------------------------
    Total                      4.878ns (3.223ns logic, 1.655ns route)
                                       (66.1% logic, 33.9% route)

=========================================================================
Timing constraint: Default path analysis
  Total number of paths / destination ports: 8 / 2
-------------------------------------------------------------------------
Delay:               6.770ns (Levels of Logic = 4)
  Source:            S_AXI_WDATA<0> (PAD)
  Destination:       S_AXI_WREADY (PAD)

  Data Path: S_AXI_WDATA<0> to S_AXI_WREADY
                                Gate     Net
    Cell:in->out      fanout   Delay   Delay  Logical Name (Net Name)
    ----------------------------------------  ------------
     IBUF:I->O             5   1.222   0.943  S_AXI_WDATA_0_IBUF (S_AXI_WDATA_0_IBUF)
     LUT3:I0->O            1   0.205   0.944  AXI_LITE_IPIF_I/I_SLAVE_ATTACHMENT/I_DECODER/wrce_out_i<0>1_SW1 (N8)
     LUT6:I0->O            4   0.203   0.683  AXI_LITE_IPIF_I/I_SLAVE_ATTACHMENT/wr_done1 (S_AXI_AWREADY_OBUF)
     OBUF:I->O                 2.571          S_AXI_WREADY_OBUF (S_AXI_WREADY)
    ----------------------------------------
    Total                      6.770ns (4.201ns logic, 2.569ns route)
                                       (62.0% logic, 38.0% route)

=========================================================================

Cross Clock Domains Report:
--------------------------

Clock to Setup on destination clock S_AXI_ACLK
---------------+---------+---------+---------+---------+
               | Src:Rise| Src:Fall| Src:Rise| Src:Fall|
Source Clock   |Dest:Rise|Dest:Rise|Dest:Fall|Dest:Fall|
---------------+---------+---------+---------+---------+
S_AXI_ACLK     |    2.676|         |         |         |
---------------+---------+---------+---------+---------+

=========================================================================


Total REAL time to Xst completion: 9.00 secs
Total CPU time to Xst completion: 9.58 secs
 
--> 

Total memory usage is 280540 kilobytes

Number of errors   :    0 (   0 filtered)
Number of warnings :  311 (   0 filtered)
Number of infos    :    9 (   0 filtered)

